> Task :app:preBuild UP-TO-DATE
> Task :app:preDebugBuild UP-TO-DATE
> Task :app:generateDebugBuildConfig UP-TO-DATE
> Task :app:generateDebugResources UP-TO-DATE
> Task :app:packageDebugResources UP-TO-DATE
> Task :app:processDebugNavigationResources UP-TO-DATE
> Task :app:parseDebugLocalResources UP-TO-DATE
> Task :app:generateDebugRFile UP-TO-DATE
> Task :app:kspDebugKotlin

> Task :app:compileDebugKotlin
w: file:///D:/study/ute/3%20-%20HK2/LapTrinhDiDong/DoAnCuoiKy/SocialConnect/Frontend/app/src/main/java/com/example/frontend/core/webrtc/WebRtcClient.kt:101:42 The corresponding parameter in the supertype 'SdpObserverAdapter' is named 'p0'. This may cause problems when calling this function with named arguments.
w: file:///D:/study/ute/3%20-%20HK2/LapTrinhDiDong/DoAnCuoiKy/SocialConnect/Frontend/app/src/main/java/com/example/frontend/core/webrtc/WebRtcClient.kt:121:42 The corresponding parameter in the supertype 'SdpObserverAdapter' is named 'p0'. This may cause problems when calling this function with named arguments.
w: file:///D:/study/ute/3%20-%20HK2/LapTrinhDiDong/DoAnCuoiKy/SocialConnect/Frontend/app/src/main/java/com/example/frontend/data/repository/PostRepositoryImpl.kt:326:73 The corresponding parameter in the supertype 'PostRepository' is named 'mediaId'. This may cause problems when calling this function with named arguments.
w: file:///D:/study/ute/3%20-%20HK2/LapTrinhDiDong/DoAnCuoiKy/SocialConnect/Frontend/app/src/main/java/com/example/frontend/presentation/screen/calls/CallScreen.kt:209:45 'val Icons.Filled.PhoneMissed: ImageVector' is deprecated. Use the AutoMirrored version at Icons.AutoMirrored.Filled.PhoneMissed.
w: file:///D:/study/ute/3%20-%20HK2/LapTrinhDiDong/DoAnCuoiKy/SocialConnect/Frontend/app/src/main/java/com/example/frontend/presentation/screen/calls/CallScreen.kt:305:54 'val Icons.Filled.VolumeUp: ImageVector' is deprecated. Use the AutoMirrored version at Icons.AutoMirrored.Filled.VolumeUp.
w: file:///D:/study/ute/3%20-%20HK2/LapTrinhDiDong/DoAnCuoiKy/SocialConnect/Frontend/app/src/main/java/com/example/frontend/presentation/screen/calls/CallScreen.kt:305:81 'val Icons.Filled.VolumeOff: ImageVector' is deprecated. Use the AutoMirrored version at Icons.AutoMirrored.Filled.VolumeOff.
w: file:///D:/study/ute/3%20-%20HK2/LapTrinhDiDong/DoAnCuoiKy/SocialConnect/Frontend/app/src/main/java/com/example/frontend/presentation/screen/calls/CallViewModel.kt:49:22 'var isSpeakerphoneOn: Boolean' is deprecated. Deprecated in Java.
w: file:///D:/study/ute/3%20-%20HK2/LapTrinhDiDong/DoAnCuoiKy/SocialConnect/Frontend/app/src/main/java/com/example/frontend/presentation/screen/calls/CallViewModel.kt:140:22 'var isSpeakerphoneOn: Boolean' is deprecated. Deprecated in Java.
w: file:///D:/study/ute/3%20-%20HK2/LapTrinhDiDong/DoAnCuoiKy/SocialConnect/Frontend/app/src/main/java/com/example/frontend/presentation/screen/calls/CallViewModel.kt:152:22 'var isSpeakerphoneOn: Boolean' is deprecated. Deprecated in Java.
w: file:///D:/study/ute/3%20-%20HK2/LapTrinhDiDong/DoAnCuoiKy/SocialConnect/Frontend/app/src/main/java/com/example/frontend/presentation/screen/calls/CallViewModel.kt:182:22 'var isSpeakerphoneOn: Boolean' is deprecated. Deprecated in Java.
w: file:///D:/study/ute/3%20-%20HK2/LapTrinhDiDong/DoAnCuoiKy/SocialConnect/Frontend/app/src/main/java/com/example/frontend/presentation/screen/calls/CallViewModel.kt:195:22 'var isSpeakerphoneOn: Boolean' is deprecated. Deprecated in Java.
w: file:///D:/study/ute/3%20-%20HK2/LapTrinhDiDong/DoAnCuoiKy/SocialConnect/Frontend/app/src/main/java/com/example/frontend/presentation/screen/chat/ChatScreen.kt:385:21 Condition is always 'true'.
w: file:///D:/study/ute/3%20-%20HK2/LapTrinhDiDong/DoAnCuoiKy/SocialConnect/Frontend/app/src/main/java/com/example/frontend/presentation/screen/chat/ChatViewModel.kt:274:33 Condition is always 'true'.
w: file:///D:/study/ute/3%20-%20HK2/LapTrinhDiDong/DoAnCuoiKy/SocialConnect/Frontend/app/src/main/java/com/example/frontend/presentation/screen/chat/ChatViewModel.kt:481:25 Condition is always 'true'.
w: file:///D:/study/ute/3%20-%20HK2/LapTrinhDiDong/DoAnCuoiKy/SocialConnect/Frontend/app/src/main/java/com/example/frontend/presentation/screen/create_post/CreatePostScreen.kt:62:44 'val Icons.Filled.ArrowBack: ImageVector' is deprecated. Use the AutoMirrored version at Icons.AutoMirrored.Filled.ArrowBack.
w: file:///D:/study/ute/3%20-%20HK2/LapTrinhDiDong/DoAnCuoiKy/SocialConnect/Frontend/app/src/main/java/com/example/frontend/presentation/screen/create_post/CreatePostScreen.kt:85:17 'fun Divider(modifier: Modifier = ..., thickness: Dp = ..., color: Color = ...): Unit' is deprecated. Renamed to HorizontalDivider.
w: file:///D:/study/ute/3%20-%20HK2/LapTrinhDiDong/DoAnCuoiKy/SocialConnect/Frontend/app/src/main/java/com/example/frontend/presentation/screen/create_post/CreatePostScreen.kt:91:17 'fun Divider(modifier: Modifier = ..., thickness: Dp = ..., color: Color = ...): Unit' is deprecated. Renamed to HorizontalDivider.
w: file:///D:/study/ute/3%20-%20HK2/LapTrinhDiDong/DoAnCuoiKy/SocialConnect/Frontend/app/src/main/java/com/example/frontend/presentation/screen/edit_post/EditPostScreen.kt:72:43 'val Icons.Filled.ArrowBack: ImageVector' is deprecated. Use the AutoMirrored version at Icons.AutoMirrored.Filled.ArrowBack.
w: file:///D:/study/ute/3%20-%20HK2/LapTrinhDiDong/DoAnCuoiKy/SocialConnect/Frontend/app/src/main/java/com/example/frontend/presentation/screen/edit_post/EditPostScreen.kt:91:16 'fun Divider(modifier: Modifier = ..., thickness: Dp = ..., color: Color = ...): Unit' is deprecated. Renamed to HorizontalDivider.
w: file:///D:/study/ute/3%20-%20HK2/LapTrinhDiDong/DoAnCuoiKy/SocialConnect/Frontend/app/src/main/java/com/example/frontend/presentation/screen/edit_post/EditPostScreen.kt:96:16 'fun Divider(modifier: Modifier = ..., thickness: Dp = ..., color: Color = ...): Unit' is deprecated. Renamed to HorizontalDivider.
w: file:///D:/study/ute/3%20-%20HK2/LapTrinhDiDong/DoAnCuoiKy/SocialConnect/Frontend/app/src/main/java/com/example/frontend/presentation/screen/notification/NotificationScreen.kt:100:17 'fun Divider(modifier: Modifier = ..., thickness: Dp = ..., color: Color = ...): Unit' is deprecated. Renamed to HorizontalDivider.
w: file:///D:/study/ute/3%20-%20HK2/LapTrinhDiDong/DoAnCuoiKy/SocialConnect/Frontend/app/src/main/java/com/example/frontend/presentation/screen/notification/NotificationScreen.kt:107:17 'fun Divider(modifier: Modifier = ..., thickness: Dp = ..., color: Color = ...): Unit' is deprecated. Renamed to HorizontalDivider.
w: file:///D:/study/ute/3%20-%20HK2/LapTrinhDiDong/DoAnCuoiKy/SocialConnect/Frontend/app/src/main/java/com/example/frontend/presentation/screen/notification/NotificationScreen.kt:136:5 'fun Divider(modifier: Modifier = ..., thickness: Dp = ..., color: Color = ...): Unit' is deprecated. Renamed to HorizontalDivider.
w: file:///D:/study/ute/3%20-%20HK2/LapTrinhDiDong/DoAnCuoiKy/SocialConnect/Frontend/app/src/main/java/com/example/frontend/presentation/screen/otherprofile/OtherProfileScreen.kt:134:29 'fun Divider(modifier: Modifier = ..., thickness: Dp = ..., color: Color = ...): Unit' is deprecated. Renamed to HorizontalDivider.
w: file:///D:/study/ute/3%20-%20HK2/LapTrinhDiDong/DoAnCuoiKy/SocialConnect/Frontend/app/src/main/java/com/example/frontend/presentation/screen/otherprofile/OtherProfileScreen.kt:232:5 'fun Divider(modifier: Modifier = ..., thickness: Dp = ..., color: Color = ...): Unit' is deprecated. Renamed to HorizontalDivider.
w: file:///D:/study/ute/3%20-%20HK2/LapTrinhDiDong/DoAnCuoiKy/SocialConnect/Frontend/app/src/main/java/com/example/frontend/presentation/screen/postdetail/PostDetailScreen.kt:95:57 'val Icons.Filled.ArrowBack: ImageVector' is deprecated. Use the AutoMirrored version at Icons.AutoMirrored.Filled.ArrowBack.
w: file:///D:/study/ute/3%20-%20HK2/LapTrinhDiDong/DoAnCuoiKy/SocialConnect/Frontend/app/src/main/java/com/example/frontend/presentation/screen/postdetail/PostDetailScreen.kt:694:57 'val Icons.Filled.Send: ImageVector' is deprecated. Use the AutoMirrored version at Icons.AutoMirrored.Filled.Send.
w: file:///D:/study/ute/3%20-%20HK2/LapTrinhDiDong/DoAnCuoiKy/SocialConnect/Frontend/app/src/main/java/com/example/frontend/presentation/screen/profile/ProfileScreen.kt:120:24 'fun Divider(modifier: Modifier = ..., thickness: Dp = ..., color: Color = ...): Unit' is deprecated. Renamed to HorizontalDivider.
w: file:///D:/study/ute/3%20-%20HK2/LapTrinhDiDong/DoAnCuoiKy/SocialConnect/Frontend/app/src/main/java/com/example/frontend/presentation/screen/profile/ProfileScreen.kt:293:4 'fun Divider(modifier: Modifier = ..., thickness: Dp = ..., color: Color = ...): Unit' is deprecated. Renamed to HorizontalDivider.
w: file:///D:/study/ute/3%20-%20HK2/LapTrinhDiDong/DoAnCuoiKy/SocialConnect/Frontend/app/src/main/java/com/example/frontend/presentation/screen/profile/ProfileScreen.kt:412:27 'fun Indicator(modifier: Modifier = ..., height: Dp = ..., color: Color = ...): Unit' is deprecated. Use SecondaryIndicator instead.
w: file:///D:/study/ute/3%20-%20HK2/LapTrinhDiDong/DoAnCuoiKy/SocialConnect/Frontend/app/src/main/java/com/example/frontend/presentation/screen/setting/SettingScreen.kt:46:9 'fun Divider(modifier: Modifier = ..., thickness: Dp = ..., color: Color = ...): Unit' is deprecated. Renamed to HorizontalDivider.
w: file:///D:/study/ute/3%20-%20HK2/LapTrinhDiDong/DoAnCuoiKy/SocialConnect/Frontend/app/src/main/java/com/example/frontend/presentation/screen/video/VideoScreen.kt:263:69 'val Icons.Filled.VolumeOff: ImageVector' is deprecated. Use the AutoMirrored version at Icons.AutoMirrored.Filled.VolumeOff.
w: file:///D:/study/ute/3%20-%20HK2/LapTrinhDiDong/DoAnCuoiKy/SocialConnect/Frontend/app/src/main/java/com/example/frontend/presentation/screen/video/VideoScreen.kt:263:98 'val Icons.Filled.VolumeUp: ImageVector' is deprecated. Use the AutoMirrored version at Icons.AutoMirrored.Filled.VolumeUp.
w: file:///D:/study/ute/3%20-%20HK2/LapTrinhDiDong/DoAnCuoiKy/SocialConnect/Frontend/app/src/main/java/com/example/frontend/ui/component/PostCard.kt:121:28 'val LocalClipboardManager: ProvidableCompositionLocal<ClipboardManager>' is deprecated. Use LocalClipboard instead which supports suspend functions.

BUILD SUCCESSFUL in 26s
8 actionable tasks: 2 executed, 6 up-to-date
Consider enabling configuration cache to speed up this build: https://docs.gradle.org/9.1.0/userguide/configuration_cache_enabling.html
