> Task :app:preBuild UP-TO-DATE
> Task :app:preDebugBuild UP-TO-DATE
> Task :app:generateDebugBuildConfig UP-TO-DATE
> Task :app:generateDebugResources UP-TO-DATE
> Task :app:packageDebugResources UP-TO-DATE
> Task :app:processDebugNavigationResources UP-TO-DATE
> Task :app:parseDebugLocalResources UP-TO-DATE
> Task :app:generateDebugRFile UP-TO-DATE
> Task :app:kspDebugKotlin UP-TO-DATE

> Task :app:compileDebugKotlin FAILED
e: file:///D:/study/ute/3%20-%20HK2/LapTrinhDiDong/DoAnCuoiKy/SocialConnect/Frontend/app/src/main/java/com/example/frontend/ui/component/PostCard.kt:314:37 Argument type mismatch: actual type is 'List<PostMediaItem>', but 'List<PostMedia>' was expected.
e: file:///D:/study/ute/3%20-%20HK2/LapTrinhDiDong/DoAnCuoiKy/SocialConnect/Frontend/app/src/main/java/com/example/frontend/ui/component/PostCard.kt:342:20 No parameter with name 'enabled' found.
e: file:///D:/study/ute/3%20-%20HK2/LapTrinhDiDong/DoAnCuoiKy/SocialConnect/Frontend/app/src/main/java/com/example/frontend/ui/component/PostCard.kt:443:46 Argument type mismatch: actual type is 'List<PostMediaItem>', but 'List<PostMedia>' was expected.
e: file:///D:/study/ute/3%20-%20HK2/LapTrinhDiDong/DoAnCuoiKy/SocialConnect/Frontend/app/src/main/java/com/example/frontend/ui/component/PostCard.kt:451:8 Only safe (?.) or non-null asserted (!!.) calls are allowed on a nullable receiver of type 'List<PostMedia>?'.

FAILURE: Build failed with an exception.

* What went wrong:
Execution failed for task ':app:compileDebugKotlin'.
> A failure occurred while executing org.jetbrains.kotlin.compilerRunner.GradleCompilerRunnerWithWorkers$GradleKotlinCompilerWorkAction
   > Compilation error. See log for more details

* Try:
> Run with --stacktrace option to get the stack trace.
> Run with --info or --debug option to get more log output.
> Run with --scan to generate a Build Scan (Powered by Develocity).
> Get more help at https://help.gradle.org.

BUILD FAILED in 5s
8 actionable tasks: 1 executed, 7 up-to-date
