#
# There is insufficient memory for the Java Runtime Environment to continue.
# Native memory allocation (malloc) failed to allocate 1048576 bytes. Error detail: AllocateHeap
# Possible reasons:
#   The system is out of physical RAM or swap space
#   This process is running with CompressedOops enabled, and the Java Heap may be blocking the growth of the native heap
# Possible solutions:
#   Reduce memory load on the system
#   Increase physical memory or swap space
#   Check if swap backing store is full
#   Decrease Java heap size (-Xmx/-Xms)
#   Decrease number of Java threads
#   Decrease Java thread stack sizes (-Xss)
#   Set larger code cache with -XX:ReservedCodeCacheSize=
#   JVM is running with Unscaled Compressed Oops mode in which the Java heap is
#     placed in the first 4GB address space. The Java Heap base address is the
#     maximum limit for the native heap growth. Please use -XX:HeapBaseMinAddress
#     to set the Java Heap base and to place the Java Heap above 4GB virtual address.
# This output file may be truncated or incomplete.
#
#  Out of Memory Error (allocation.cpp:44), pid=31004, tid=31468
#
# JRE version:  (21.0.10+7) (build )
# Java VM: OpenJDK 64-Bit Server VM (21.0.10+7-LTS, mixed mode, sharing, tiered, compressed oops, compressed class ptrs, g1 gc, windows-amd64)
# No core dump will be written. Minidumps are not enabled by default on client versions of Windows
#

---------------  S U M M A R Y ------------

Command Line: --add-modules=ALL-SYSTEM --add-opens=java.base/java.util=ALL-UNNAMED --add-opens=java.base/java.lang=ALL-UNNAMED --add-opens=java.base/sun.nio.fs=ALL-UNNAMED -Declipse.application=org.eclipse.jdt.ls.core.id1 -Dosgi.bundles.defaultStartLevel=4 -Declipse.product=org.eclipse.jdt.ls.core.product -Djava.import.generatesMetadataFilesAtProjectRoot=false -DDetectVMInstallationsJob.disabled=true -Dfile.encoding=utf8 -Xlog:disable -Xmx2G -javaagent:c:\Users\mangg\.antigravity\extensions\redhat.java-1.53.0-win32-x64\lombok\lombok-1.18.39-4050.jar c:\Users\mangg\.antigravity\extensions\redhat.java-1.53.0-win32-x64\server\plugins\org.eclipse.equinox.launcher_1.7.100.v20251111-0406.jar -configuration c:\Users\mangg\AppData\Roaming\Antigravity\User\globalStorage\redhat.java\1.53.0\config_ss_win -data c:\Users\mangg\AppData\Roaming\Antigravity\User\workspaceStorage\a4c07f34395d526702c2e440b92dab62\redhat.java\ss_ws --pipe=\\.\pipe\lsp-8b0cda3ccfad76d7714a041ca1e1735f-sock

Host: 11th Gen Intel(R) Core(TM) i7-11800H @ 2.30GHz, 16 cores, 15G,  Windows 11 , 64 bit Build 26100 (10.0.26100.7920)
Time: Mon Mar 23 20:28:53 2026 SE Asia Standard Time elapsed time: 1.028872 seconds (0d 0h 0m 1s)

---------------  T H R E A D  ---------------

Current thread (0x0000026c06ebffa0):  JavaThread "Unknown thread" [_thread_in_vm, id=31468, stack(0x000000bc2f000000,0x000000bc2f100000) (1024K)]

Stack: [0x000000bc2f000000,0x000000bc2f100000]
Native frames: (J=compiled Java code, j=interpreted, Vv=VM code, C=native code)
V  [jvm.dll+0x6d7a39]
V  [jvm.dll+0x8b4b26]
V  [jvm.dll+0x8b70de]
V  [jvm.dll+0x8b77c3]
V  [jvm.dll+0x284346]
V  [jvm.dll+0xc1277]
V  [jvm.dll+0x330b55]
V  [jvm.dll+0x87ea9f]
V  [jvm.dll+0x3c4a81]
V  [jvm.dll+0x867d25]
V  [jvm.dll+0x457b31]
V  [jvm.dll+0x459721]
C  [jli.dll+0x52d0]
C  [ucrtbase.dll+0x37b0]
C  [KERNEL32.DLL+0x2e8d7]
C  [ntdll.dll+0x8c48c]


---------------  P R O C E S S  ---------------

Threads class SMR info:
_java_thread_list=0x00007ffc92d5a1c8, length=0, elements={
}

Java Threads: ( => current thread )
Total: 0

Other Threads:

=>0x0000026c06ebffa0 (exited) JavaThread "Unknown thread"    [_thread_in_vm, id=31468, stack(0x000000bc2f000000,0x000000bc2f100000) (1024K)]
Total: 1

Threads with active compile tasks:
Total: 0

VM state: not at safepoint (not fully initialized)

VM Mutex/Monitor currently owned by a thread: None

Heap address: 0x0000000000000000, size: 0 MB, Compressed Oops mode: 32-bit

CDS archive(s) mapped at: [0x0000000000000000-0x0000000000000000-0x0000000000000000), size 0, SharedBaseAddress: 0x0000000800000000, ArchiveRelocationMode: 1.
Narrow klass base: 0x0000000000000000, Narrow klass shift: 0, Narrow klass range: 0x0

GC Precious Log:
 CardTable entry size: 512
 Card Set container configuration: InlinePtr #cards 5 size 8 Array Of Cards #cards 12 size 40 Howl #buckets 4 coarsen threshold 1843 Howl Bitmap #cards 512 size 80 coarsen threshold 460 Card regions per heap region 1 cards per card region 2048

GC Heap History (0 events):
No events

Dll operation events (1 events):
Event: 0.019 Loaded shared library c:\Users\mangg\.antigravity\extensions\redhat.java-1.53.0-win32-x64\jre\21.0.10-win32-x86_64\bin\java.dll

Deoptimization events (0 events):
No events

Classes loaded (0 events):
No events

Classes unloaded (0 events):
No events

Classes redefined (0 events):
No events

Internal exceptions (0 events):
No events

ZGC Phase Switch (0 events):
No events

VM Operations (0 events):
No events

Memory protections (0 events):
No events

Nmethod flushes (0 events):
No events

Events (0 events):
No events


Dynamic libraries:
0x00007ff72bf10000 - 0x00007ff72bf1e000 	c:\Users\mangg\.antigravity\extensions\redhat.java-1.53.0-win32-x64\jre\21.0.10-win32-x86_64\bin\java.exe
0x00007ffdacf00000 - 0x00007ffdad167000 	C:\WINDOWS\SYSTEM32\ntdll.dll
0x00007ffdab570000 - 0x00007ffdab639000 	C:\WINDOWS\System32\KERNEL32.DLL
0x00007ffda9b90000 - 0x00007ffda9f81000 	C:\WINDOWS\System32\KERNELBASE.dll
0x00007ffda98c0000 - 0x00007ffda9a0b000 	C:\WINDOWS\System32\ucrtbase.dll
0x00007ffd1e700000 - 0x00007ffd1e718000 	c:\Users\mangg\.antigravity\extensions\redhat.java-1.53.0-win32-x64\jre\21.0.10-win32-x86_64\bin\jli.dll
0x00007ffdac290000 - 0x00007ffdac455000 	C:\WINDOWS\System32\USER32.dll
0x00007ffda9890000 - 0x00007ffda98b7000 	C:\WINDOWS\System32\win32u.dll
0x00007ffdac6a0000 - 0x00007ffdac6cb000 	C:\WINDOWS\System32\GDI32.dll
0x00007ffdaaae0000 - 0x00007ffdaac0b000 	C:\WINDOWS\System32\gdi32full.dll
0x00007ffdaa8c0000 - 0x00007ffdaa963000 	C:\WINDOWS\System32\msvcp_win.dll
0x00007ffd18e20000 - 0x00007ffd18e3e000 	c:\Users\mangg\.antigravity\extensions\redhat.java-1.53.0-win32-x64\jre\21.0.10-win32-x86_64\bin\VCRUNTIME140.dll
0x00007ffd8f300000 - 0x00007ffd8f593000 	C:\WINDOWS\WinSxS\amd64_microsoft.windows.common-controls_6595b64144ccf1df_6.0.26100.8037_none_3e092faae333b53b\COMCTL32.dll
0x00007ffdac6d0000 - 0x00007ffdac779000 	C:\WINDOWS\System32\msvcrt.dll
0x00007ffdaaca0000 - 0x00007ffdaacd1000 	C:\WINDOWS\System32\IMM32.DLL
0x00007ffd9fbf0000 - 0x00007ffd9fbfc000 	c:\Users\mangg\.antigravity\extensions\redhat.java-1.53.0-win32-x64\jre\21.0.10-win32-x86_64\bin\vcruntime140_1.dll
0x00007ffcfd5b0000 - 0x00007ffcfd63d000 	c:\Users\mangg\.antigravity\extensions\redhat.java-1.53.0-win32-x64\jre\21.0.10-win32-x86_64\bin\msvcp140.dll
0x00007ffc92110000 - 0x00007ffc92eb1000 	c:\Users\mangg\.antigravity\extensions\redhat.java-1.53.0-win32-x64\jre\21.0.10-win32-x86_64\bin\server\jvm.dll
0x00007ffdabc70000 - 0x00007ffdabd2b000 	C:\WINDOWS\System32\ADVAPI32.dll
0x00007ffdabe50000 - 0x00007ffdabef7000 	C:\WINDOWS\System32\sechost.dll
0x00007ffdabd30000 - 0x00007ffdabe48000 	C:\WINDOWS\System32\RPCRT4.dll
0x00007ffdacd30000 - 0x00007ffdacda4000 	C:\WINDOWS\System32\WS2_32.dll
0x00007ffda83e0000 - 0x00007ffda843e000 	C:\WINDOWS\SYSTEM32\POWRPROF.dll
0x00007ffd9c980000 - 0x00007ffd9c9b5000 	C:\WINDOWS\SYSTEM32\WINMM.dll
0x00007ffda0630000 - 0x00007ffda063b000 	C:\WINDOWS\SYSTEM32\VERSION.dll
0x00007ffda83c0000 - 0x00007ffda83d4000 	C:\WINDOWS\SYSTEM32\UMPDC.dll
0x00007ffda8690000 - 0x00007ffda86ab000 	C:\WINDOWS\SYSTEM32\kernel.appcore.dll
0x00007ffd91970000 - 0x00007ffd9197a000 	c:\Users\mangg\.antigravity\extensions\redhat.java-1.53.0-win32-x64\jre\21.0.10-win32-x86_64\bin\jimage.dll
0x00007ffda7750000 - 0x00007ffda7992000 	C:\WINDOWS\SYSTEM32\DBGHELP.DLL
0x00007ffdabf00000 - 0x00007ffdac282000 	C:\WINDOWS\System32\combase.dll
0x00007ffdac560000 - 0x00007ffdac637000 	C:\WINDOWS\System32\OLEAUT32.dll
0x00007ffd8c360000 - 0x00007ffd8c39b000 	C:\WINDOWS\SYSTEM32\dbgcore.DLL
0x00007ffda97e0000 - 0x00007ffda9885000 	C:\WINDOWS\System32\bcryptPrimitives.dll
0x00007ffd90ff0000 - 0x00007ffd90fff000 	c:\Users\mangg\.antigravity\extensions\redhat.java-1.53.0-win32-x64\jre\21.0.10-win32-x86_64\bin\instrument.dll
0x00007ffd18e00000 - 0x00007ffd18e20000 	c:\Users\mangg\.antigravity\extensions\redhat.java-1.53.0-win32-x64\jre\21.0.10-win32-x86_64\bin\java.dll

JVMTI agents:
c:\Users\mangg\.antigravity\extensions\redhat.java-1.53.0-win32-x64\lombok\lombok-1.18.39-4050.jar path:none, loaded, not initialized, instrumentlib options:none

dbghelp: loaded successfully - version: 4.0.5 - missing functions: none
symbol engine: initialized successfully - sym options: 0x614 - pdb path: .;c:\Users\mangg\.antigravity\extensions\redhat.java-1.53.0-win32-x64\jre\21.0.10-win32-x86_64\bin;C:\WINDOWS\SYSTEM32;C:\WINDOWS\WinSxS\amd64_microsoft.windows.common-controls_6595b64144ccf1df_6.0.26100.8037_none_3e092faae333b53b;c:\Users\mangg\.antigravity\extensions\redhat.java-1.53.0-win32-x64\jre\21.0.10-win32-x86_64\bin\server

VM Arguments:
jvm_args: --add-modules=ALL-SYSTEM --add-opens=java.base/java.util=ALL-UNNAMED --add-opens=java.base/java.lang=ALL-UNNAMED --add-opens=java.base/sun.nio.fs=ALL-UNNAMED -Declipse.application=org.eclipse.jdt.ls.core.id1 -Dosgi.bundles.defaultStartLevel=4 -Declipse.product=org.eclipse.jdt.ls.core.product -Djava.import.generatesMetadataFilesAtProjectRoot=false -DDetectVMInstallationsJob.disabled=true -Dfile.encoding=utf8 -Xlog:disable -Xmx2G -javaagent:c:\Users\mangg\.antigravity\extensions\redhat.java-1.53.0-win32-x64\lombok\lombok-1.18.39-4050.jar 
java_command: c:\Users\mangg\.antigravity\extensions\redhat.java-1.53.0-win32-x64\server\plugins\org.eclipse.equinox.launcher_1.7.100.v20251111-0406.jar -configuration c:\Users\mangg\AppData\Roaming\Antigravity\User\globalStorage\redhat.java\1.53.0\config_ss_win -data c:\Users\mangg\AppData\Roaming\Antigravity\User\workspaceStorage\a4c07f34395d526702c2e440b92dab62\redhat.java\ss_ws --pipe=\\.\pipe\lsp-8b0cda3ccfad76d7714a041ca1e1735f-sock
java_class_path (initial): c:\Users\mangg\.antigravity\extensions\redhat.java-1.53.0-win32-x64\server\plugins\org.eclipse.equinox.launcher_1.7.100.v20251111-0406.jar
Launcher Type: SUN_STANDARD

[Global flags]
     intx CICompilerCount                          = 12                                        {product} {ergonomic}
     uint ConcGCThreads                            = 3                                         {product} {ergonomic}
     uint G1ConcRefinementThreads                  = 13                                        {product} {ergonomic}
   size_t G1HeapRegionSize                         = 1048576                                   {product} {ergonomic}
    uintx GCDrainStackTargetSize                   = 64                                        {product} {ergonomic}
   size_t InitialHeapSize                          = 264241152                                 {product} {ergonomic}
   size_t MarkStackSize                            = 4194304                                   {product} {ergonomic}
   size_t MaxHeapSize                              = 2147483648                                {product} {command line}
   size_t MinHeapDeltaBytes                        = 1048576                                   {product} {ergonomic}
   size_t MinHeapSize                              = 8388608                                   {product} {ergonomic}
    uintx NonNMethodCodeHeapSize                   = 7602480                                {pd product} {ergonomic}
    uintx NonProfiledCodeHeapSize                  = 122027880                              {pd product} {ergonomic}
    uintx ProfiledCodeHeapSize                     = 122027880                              {pd product} {ergonomic}
    uintx ReservedCodeCacheSize                    = 251658240                              {pd product} {ergonomic}
     bool SegmentedCodeCache                       = true                                      {product} {ergonomic}
   size_t SoftMaxHeapSize                          = 2147483648                             {manageable} {ergonomic}
     bool UseCompressedOops                        = true                           {product lp64_product} {ergonomic}
     bool UseG1GC                                  = true                                      {product} {ergonomic}
     bool UseLargePagesIndividualAllocation        = false                                  {pd product} {ergonomic}

Logging:
Log output configuration:
 #0: stdout all=off uptime,level,tags foldmultilines=false
 #1: stderr all=off uptime,level,tags foldmultilines=false

Release file:
<release file has not been read>
Environment Variables:
JAVA_HOME=C:\Program Files\Java\jdk-17
PATH=C:\Python314\Scripts\;C:\Python314\;C:\Users\mangg\AppData\Local\Programs\Python\Python312;C:\Program Files\Microsoft MPI\Bin\;C:\Program Files\Common Files\Oracle\Java\javapath;C:\Program Files (x86)\Common Files\Oracle\Java\java8path;C:\Program Files (x86)\Common Files\Oracle\Java\javapath;C:\Windows\system32;C:\Windows;C:\Windows\System32\Wbem;C:\Windows\System32\WindowsPowerShell\v1.0\;C:\Windows\System32\OpenSSH\;C:\Program Files (x86)\NVIDIA Corporation\PhysX\Common;C:\WINDOWS\system32;C:\WINDOWS;C:\WINDOWS\System32\Wbem;C:\WINDOWS\System32\WindowsPowerShell\v1.0\;C:\WINDOWS\System32\OpenSSH\;C:\Program Files\Java\jdk-17\bin;C:\Program Files (x86)\Microsoft SQL Server\160\Tools\Binn\;C:\Program Files\Microsoft SQL Server\160\Tools\Binn\;C:\Program Files\Microsoft SQL Server\Client SDK\ODBC\170\Tools\Binn\;C:\Program Files\Microsoft SQL Server\160\DTS\Binn\;C:\Program Files (x86)\Microsoft SQL Server\160\DTS\Binn\;C:\Program Files\dotnet\;C:\Program Files\Microsoft SQL Server\150\Tools\Binn\;C:\Program Files\NVIDIA Corporation\NVIDIA app\NvDLISR;D:\installer\platform-tools;C:\Program Files\Git\cmd;C:\Program Files\Microsoft Visual Studio\2022\Community\Common7\IDE;C:\Program Files\Prince\engine\bin;C:\Program Files\Pandoc\;C:\Program Files (x86)\dotnet\;D:\apache-maven-3.9.9;C:\Program Files\nodejs\;C:\ProgramData\chocolatey\bin;C:\Program Files\Cloudflare\Cloudflare WARP\;d:\installer\cursor\cursor\resources\app\codeBin;C:\Users\mangg\AppData\Local\Programs\Python\Python312\Scripts\;C:\Users\mangg\AppData\Local\Programs\Python\Python312\;C:\Users\mangg\AppData\Local\Programs\Python\Launcher\;C:\Users\mangg\AppData\Local\Microsoft\WindowsApps;C:\Users\mangg\AppData\Local\Programs\Microsoft VS Code\bin;C:\Program Files\Java\jdk-17\bin;C:\msys64\ucrt64\bin;D:\installer\JetBrain\Pycharm\PyCharm 2024.2.0.1\bin;C:\Users\mangg\.dotnet\tools;D:\installer\JetBrain\Intel IDEA\IntelliJ IDEA 2024.2.0.2\bin;C:\Users\mangg\.dotnet\tools;D:\apache-maven-3.9.9\bin;C:\Users\mangg\AppData\Local\GitHubDesktop\bin;C:\Users\mangg\AppData\Local\Microsoft\WindowsApps;C:\Program Files\JetBrains\IntelliJ IDEA 2023.2\bin;;C:\Users\mangg\AppData\Roaming\npm;D:\installer\SDK\flutter\bin;C:\Users\mangg\AppData\Local\Android\Sdk\platform-tools;C:\Users\mangg\AppData\Local\Android\Sdk\platform-tools;C:\Users\mangg\AppData\Local\Android\Sdk\emulator;C:\Users\mangg\AppData\Local\Android\Sdk\cmdline-tools\latest\bin;D:\installer\Antigravity\app\bin
USERNAME=mangg
OS=Windows_NT
PROCESSOR_IDENTIFIER=Intel64 Family 6 Model 141 Stepping 1, GenuineIntel
TMP=C:\Users\mangg\AppData\Local\Temp
TEMP=C:\Users\mangg\AppData\Local\Temp




Periodic native trim disabled

---------------  S Y S T E M  ---------------

OS:
 Windows 11 , 64 bit Build 26100 (10.0.26100.7920)
OS uptime: 0 days 4:24 hours
Hyper-V role detected

CPU: total 16 (initial active 16) (8 cores per cpu, 2 threads per core) family 6 model 141 stepping 1 microcode 0x34, cx8, cmov, fxsr, ht, mmx, 3dnowpref, sse, sse2, sse3, ssse3, sse4.1, sse4.2, popcnt, lzcnt, tsc, tscinvbit, avx, avx2, aes, erms, clmul, bmi1, bmi2, adx, avx512f, avx512dq, avx512cd, avx512bw, avx512vl, sha, fma, vzeroupper, avx512_vpopcntdq, avx512_vpclmulqdq, avx512_vaes, avx512_vnni, clflush, clflushopt, clwb, avx512_vbmi2, avx512_vbmi, hv, rdtscp, rdpid, fsrm, gfni, avx512_bitalg, f16c, cet_ibt, cet_ss, avx512_ifma
Processor Information for the first 16 processors :
  Max Mhz: 2304, Current Mhz: 2304, Mhz Limit: 2304

Memory: 4k page, system-wide physical 16122M (889M free)
TotalPageFile size 32506M (AvailPageFile size 4M)
current process WorkingSet (physical memory assigned to process): 11M, peak: 11M
current process commit charge ("private bytes"): 16M, peak: 17M

vm_info: OpenJDK 64-Bit Server VM (21.0.10+7-LTS) for windows-amd64 JRE (21.0.10+7-LTS), built on 2026-01-20T00:00:00Z by "admin" with MS VC++ 17.12 (VS2022)

END.
