#
# There is insufficient memory for the Java Runtime Environment to continue.
# Native memory allocation (malloc) failed to allocate 521680 bytes. Error detail: Chunk::new
# Possible reasons:
#   The system is out of physical RAM or swap space
#   This process is running with CompressedOops enabled, and the Java Heap may be blocking the growth of the native heap
# Possible solutions:
#   Reduce memory load on the system
#   Increase physical memory or swap space
#   Check if swap backing store is full
#   Decrease Java heap size (-Xmx/-Xms)
#   Decrease number of Java threads
#   Decrease Java thread stack sizes (-Xss)
#   Set larger code cache with -XX:ReservedCodeCacheSize=
#   JVM is running with Unscaled Compressed Oops mode in which the Java heap is
#     placed in the first 4GB address space. The Java Heap base address is the
#     maximum limit for the native heap growth. Please use -XX:HeapBaseMinAddress
#     to set the Java Heap base and to place the Java Heap above 4GB virtual address.
# This output file may be truncated or incomplete.
#
#  Out of Memory Error (arena.cpp:168), pid=28872, tid=23240
#
# JRE version: OpenJDK Runtime Environment Temurin-21.0.10+7 (21.0.10+7) (build 21.0.10+7-LTS)
# Java VM: OpenJDK 64-Bit Server VM Temurin-21.0.10+7 (21.0.10+7-LTS, mixed mode, sharing, tiered, compressed oops, compressed class ptrs, g1 gc, windows-amd64)
# No core dump will be written. Minidumps are not enabled by default on client versions of Windows
#

---------------  S U M M A R Y ------------

Command Line: --add-modules=ALL-SYSTEM --add-opens=java.base/java.util=ALL-UNNAMED --add-opens=java.base/java.lang=ALL-UNNAMED --add-opens=java.base/sun.nio.fs=ALL-UNNAMED -Declipse.application=org.eclipse.jdt.ls.core.id1 -Dosgi.bundles.defaultStartLevel=4 -Declipse.product=org.eclipse.jdt.ls.core.product -Djava.import.generatesMetadataFilesAtProjectRoot=false -DDetectVMInstallationsJob.disabled=true -Dfile.encoding=utf8 -Xlog:disable -Xmx2G -javaagent:c:\Users\mangg\.antigravity\extensions\redhat.java-1.53.0-win32-x64\lombok\lombok-1.18.39-4050.jar c:\Users\mangg\.antigravity\extensions\redhat.java-1.53.0-win32-x64\server\plugins\org.eclipse.equinox.launcher_1.7.100.v20251111-0406.jar -configuration c:\Users\mangg\AppData\Roaming\Antigravity\User\globalStorage\redhat.java\1.53.0\config_ss_win -data c:\Users\mangg\AppData\Roaming\Antigravity\User\workspaceStorage\a4c07f34395d526702c2e440b92dab62\redhat.java\ss_ws --pipe=\\.\pipe\lsp-54f14cf6a10c5cdb43ea1fb04d0e89ab-sock

Host: 11th Gen Intel(R) Core(TM) i7-11800H @ 2.30GHz, 16 cores, 15G,  Windows 11 , 64 bit Build 26100 (10.0.26100.7920)
Time: Mon Mar 23 20:28:35 2026 SE Asia Standard Time elapsed time: 6.592424 seconds (0d 0h 0m 6s)

---------------  T H R E A D  ---------------

Current thread (0x0000018705487390):  JavaThread "C2 CompilerThread2" daemon [_thread_in_native, id=23240, stack(0x0000003a2fb00000,0x0000003a2fc00000) (1024K)]


Current CompileTask:
C2:6592 2527       4       jdk.internal.org.objectweb.asm.Frame::execute (2305 bytes)

Stack: [0x0000003a2fb00000,0x0000003a2fc00000]
Native frames: (J=compiled Java code, j=interpreted, Vv=VM code, C=native code)
V  [jvm.dll+0x6d7a39]
V  [jvm.dll+0x8b4b26]
V  [jvm.dll+0x8b70de]
V  [jvm.dll+0x8b77c3]
V  [jvm.dll+0x284346]
V  [jvm.dll+0xc66ed]
V  [jvm.dll+0xc6c31]
V  [jvm.dll+0x3bec3b]
V  [jvm.dll+0x38b162]
V  [jvm.dll+0x38a5aa]
V  [jvm.dll+0x24c560]
V  [jvm.dll+0x24bb40]
V  [jvm.dll+0x1cb34e]
V  [jvm.dll+0x25b85d]
V  [jvm.dll+0x259dea]
V  [jvm.dll+0x3f857e]
V  [jvm.dll+0x85f59d]
V  [jvm.dll+0x6d626d]
C  [ucrtbase.dll+0x37b0]
C  [KERNEL32.DLL+0x2e8d7]
C  [ntdll.dll+0x8c48c]


---------------  P R O C E S S  ---------------

Threads class SMR info:
_java_thread_list=0x000001874b9a4dd0, length=19, elements={
0x000001876d1910d0, 0x0000018705563e80, 0x00000187055648e0, 0x0000018705475690,
0x00000187054760f0, 0x0000018705478140, 0x000001870547a7c0, 0x0000018705483320,
0x0000018705486cc0, 0x00000187056f3390, 0x000001874b036d00, 0x000001874b8d2200,
0x000001874b6adad0, 0x000001874b6ae7f0, 0x000001874b6aee80, 0x000001874b6afba0,
0x0000018705488800, 0x0000018705487390, 0x000001874b6ae160
}

Java Threads: ( => current thread )
  0x000001876d1910d0 JavaThread "main"                              [_thread_blocked, id=16948, stack(0x0000003a2da00000,0x0000003a2db00000) (1024K)]
  0x0000018705563e80 JavaThread "Reference Handler"          daemon [_thread_blocked, id=24516, stack(0x0000003a2e200000,0x0000003a2e300000) (1024K)]
  0x00000187055648e0 JavaThread "Finalizer"                  daemon [_thread_blocked, id=2196, stack(0x0000003a2e300000,0x0000003a2e400000) (1024K)]
  0x0000018705475690 JavaThread "Signal Dispatcher"          daemon [_thread_blocked, id=2160, stack(0x0000003a2e400000,0x0000003a2e500000) (1024K)]
  0x00000187054760f0 JavaThread "Attach Listener"            daemon [_thread_blocked, id=31564, stack(0x0000003a2e500000,0x0000003a2e600000) (1024K)]
  0x0000018705478140 JavaThread "Service Thread"             daemon [_thread_blocked, id=26296, stack(0x0000003a2e600000,0x0000003a2e700000) (1024K)]
  0x000001870547a7c0 JavaThread "Monitor Deflation Thread"   daemon [_thread_blocked, id=22472, stack(0x0000003a2e700000,0x0000003a2e800000) (1024K)]
  0x0000018705483320 JavaThread "C2 CompilerThread0"         daemon [_thread_blocked, id=8984, stack(0x0000003a2e800000,0x0000003a2e900000) (1024K)]
  0x0000018705486cc0 JavaThread "C1 CompilerThread0"         daemon [_thread_blocked, id=3576, stack(0x0000003a2e900000,0x0000003a2ea00000) (1024K)]
  0x00000187056f3390 JavaThread "Common-Cleaner"             daemon [_thread_blocked, id=27112, stack(0x0000003a2ea00000,0x0000003a2eb00000) (1024K)]
  0x000001874b036d00 JavaThread "Notification Thread"        daemon [_thread_blocked, id=20776, stack(0x0000003a2ed00000,0x0000003a2ee00000) (1024K)]
  0x000001874b8d2200 JavaThread "Active Thread: Equinox Container: a47f275e-3c05-4d34-89d9-7c0ca855d642"        [_thread_blocked, id=26000, stack(0x0000003a2f500000,0x0000003a2f600000) (1024K)]
  0x000001874b6adad0 JavaThread "Framework Event Dispatcher: Equinox Container: a47f275e-3c05-4d34-89d9-7c0ca855d642" daemon [_thread_blocked, id=27916, stack(0x0000003a2f600000,0x0000003a2f700000) (1024K)]
  0x000001874b6ae7f0 JavaThread "Start Level: Equinox Container: a47f275e-3c05-4d34-89d9-7c0ca855d642" daemon [_thread_in_Java, id=30612, stack(0x0000003a2f700000,0x0000003a2f800000) (1024K)]
  0x000001874b6aee80 JavaThread "SCR Component Actor"        daemon [_thread_blocked, id=16972, stack(0x0000003a2f900000,0x0000003a2fa00000) (1024K)]
  0x000001874b6afba0 JavaThread "Worker-JM"                         [_thread_blocked, id=23224, stack(0x0000003a2fc00000,0x0000003a2fd00000) (1024K)]
  0x0000018705488800 JavaThread "C2 CompilerThread1"         daemon [_thread_blocked, id=29128, stack(0x0000003a2fa00000,0x0000003a2fb00000) (1024K)]
=>0x0000018705487390 JavaThread "C2 CompilerThread2"         daemon [_thread_in_native, id=23240, stack(0x0000003a2fb00000,0x0000003a2fc00000) (1024K)]
  0x000001874b6ae160 JavaThread "Worker-0"                          [_thread_blocked, id=29640, stack(0x0000003a2eb00000,0x0000003a2ec00000) (1024K)]
Total: 19

Other Threads:
  0x0000018705452500 VMThread "VM Thread"                           [id=29336, stack(0x0000003a2e100000,0x0000003a2e200000) (1024K)]
  0x000001870543f7f0 WatcherThread "VM Periodic Task Thread"        [id=26100, stack(0x0000003a2e000000,0x0000003a2e100000) (1024K)]
  0x000001876d1f3220 WorkerThread "GC Thread#0"                     [id=27052, stack(0x0000003a2db00000,0x0000003a2dc00000) (1024K)]
  0x000001874baeb980 WorkerThread "GC Thread#1"                     [id=25400, stack(0x0000003a2ef00000,0x0000003a2f000000) (1024K)]
  0x000001874b238cf0 WorkerThread "GC Thread#2"                     [id=30928, stack(0x0000003a2f000000,0x0000003a2f100000) (1024K)]
  0x000001874b08b000 WorkerThread "GC Thread#3"                     [id=26652, stack(0x0000003a2f100000,0x0000003a2f200000) (1024K)]
  0x000001874b08b3b0 WorkerThread "GC Thread#4"                     [id=30780, stack(0x0000003a2f200000,0x0000003a2f300000) (1024K)]
  0x000001874b08b760 WorkerThread "GC Thread#5"                     [id=25504, stack(0x0000003a2f300000,0x0000003a2f400000) (1024K)]
  0x000001874b631c70 WorkerThread "GC Thread#6"                     [id=31728, stack(0x0000003a2f400000,0x0000003a2f500000) (1024K)]
  0x000001874b8574c0 WorkerThread "GC Thread#7"                     [id=31272, stack(0x0000003a2ee00000,0x0000003a2ef00000) (1024K)]
  0x000001874b553430 WorkerThread "GC Thread#8"                     [id=29724, stack(0x0000003a2f800000,0x0000003a2f900000) (1024K)]
  0x000001876d205130 ConcurrentGCThread "G1 Main Marker"            [id=21060, stack(0x0000003a2dc00000,0x0000003a2dd00000) (1024K)]
  0x000001876d205b50 WorkerThread "G1 Conc#0"                       [id=29452, stack(0x0000003a2dd00000,0x0000003a2de00000) (1024K)]
  0x000001870538cb70 ConcurrentGCThread "G1 Refine#0"               [id=4840, stack(0x0000003a2de00000,0x0000003a2df00000) (1024K)]
  0x000001870538d600 ConcurrentGCThread "G1 Service"                [id=22580, stack(0x0000003a2df00000,0x0000003a2e000000) (1024K)]
Total: 15

Threads with active compile tasks:
C2 CompilerThread2  6616 2527       4       jdk.internal.org.objectweb.asm.Frame::execute (2305 bytes)
Total: 1

VM state: not at safepoint (normal execution)

VM Mutex/Monitor currently owned by a thread: None

Heap address: 0x0000000080000000, size: 2048 MB, Compressed Oops mode: 32-bit

CDS archive(s) mapped at: [0x0000018706000000-0x0000018706ba0000-0x0000018706ba0000), size 12189696, SharedBaseAddress: 0x0000018706000000, ArchiveRelocationMode: 1.
Compressed class space mapped at: 0x0000018707000000-0x0000018747000000, reserved size: 1073741824
Narrow klass base: 0x0000018706000000, Narrow klass shift: 0, Narrow klass range: 0x100000000

GC Precious Log:
 CardTable entry size: 512
 Card Set container configuration: InlinePtr #cards 5 size 8 Array Of Cards #cards 12 size 40 Howl #buckets 4 coarsen threshold 1843 Howl Bitmap #cards 512 size 80 coarsen threshold 460 Card regions per heap region 1 cards per card region 2048
 CPUs: 16 total, 16 available
 Memory: 16122M
 Large Page Support: Disabled
 NUMA Support: Disabled
 Compressed Oops: Enabled (32-bit)
 Heap Region Size: 1M
 Heap Min Capacity: 8M
 Heap Initial Capacity: 252M
 Heap Max Capacity: 2G
 Pre-touch: Disabled
 Parallel Workers: 13
 Concurrent Workers: 3
 Concurrent Refinement Workers: 13
 Periodic GC: Disabled

Heap:
 garbage-first heap   total 258048K, used 34437K [0x0000000080000000, 0x0000000100000000)
  region size 1024K, 33 young (33792K), 3 survivors (3072K)
 Metaspace       used 14470K, committed 15040K, reserved 1114112K
  class space    used 1525K, committed 1792K, reserved 1048576K

Heap Regions: E=young(eden), S=young(survivor), O=old, HS=humongous(starts), HC=humongous(continues), CS=collection set, F=free, TAMS=top-at-mark-start, PB=parsable bottom
|   0|0x0000000080000000, 0x0000000080100000, 0x0000000080100000|100%| O|  |TAMS 0x0000000080000000| PB 0x0000000080000000| Untracked 
|   1|0x0000000080100000, 0x0000000080200000, 0x0000000080200000|100%| O|  |TAMS 0x0000000080100000| PB 0x0000000080100000| Untracked 
|   2|0x0000000080200000, 0x0000000080300000, 0x0000000080300000|100%| O|  |TAMS 0x0000000080200000| PB 0x0000000080200000| Untracked 
|   3|0x0000000080300000, 0x0000000080314e00, 0x0000000080400000|  8%| O|  |TAMS 0x0000000080300000| PB 0x0000000080300000| Untracked 
|   4|0x0000000080400000, 0x0000000080400000, 0x0000000080500000|  0%| F|  |TAMS 0x0000000080400000| PB 0x0000000080400000| Untracked 
|   5|0x0000000080500000, 0x0000000080500000, 0x0000000080600000|  0%| F|  |TAMS 0x0000000080500000| PB 0x0000000080500000| Untracked 
|   6|0x0000000080600000, 0x0000000080600000, 0x0000000080700000|  0%| F|  |TAMS 0x0000000080600000| PB 0x0000000080600000| Untracked 
|   7|0x0000000080700000, 0x0000000080700000, 0x0000000080800000|  0%| F|  |TAMS 0x0000000080700000| PB 0x0000000080700000| Untracked 
|   8|0x0000000080800000, 0x0000000080800000, 0x0000000080900000|  0%| F|  |TAMS 0x0000000080800000| PB 0x0000000080800000| Untracked 
|   9|0x0000000080900000, 0x0000000080900000, 0x0000000080a00000|  0%| F|  |TAMS 0x0000000080900000| PB 0x0000000080900000| Untracked 
|  10|0x0000000080a00000, 0x0000000080a00000, 0x0000000080b00000|  0%| F|  |TAMS 0x0000000080a00000| PB 0x0000000080a00000| Untracked 
|  11|0x0000000080b00000, 0x0000000080b00000, 0x0000000080c00000|  0%| F|  |TAMS 0x0000000080b00000| PB 0x0000000080b00000| Untracked 
|  12|0x0000000080c00000, 0x0000000080c00000, 0x0000000080d00000|  0%| F|  |TAMS 0x0000000080c00000| PB 0x0000000080c00000| Untracked 
|  13|0x0000000080d00000, 0x0000000080d00000, 0x0000000080e00000|  0%| F|  |TAMS 0x0000000080d00000| PB 0x0000000080d00000| Untracked 
|  14|0x0000000080e00000, 0x0000000080e00000, 0x0000000080f00000|  0%| F|  |TAMS 0x0000000080e00000| PB 0x0000000080e00000| Untracked 
|  15|0x0000000080f00000, 0x0000000080f00000, 0x0000000081000000|  0%| F|  |TAMS 0x0000000080f00000| PB 0x0000000080f00000| Untracked 
|  16|0x0000000081000000, 0x0000000081000000, 0x0000000081100000|  0%| F|  |TAMS 0x0000000081000000| PB 0x0000000081000000| Untracked 
|  17|0x0000000081100000, 0x0000000081100000, 0x0000000081200000|  0%| F|  |TAMS 0x0000000081100000| PB 0x0000000081100000| Untracked 
|  18|0x0000000081200000, 0x0000000081200000, 0x0000000081300000|  0%| F|  |TAMS 0x0000000081200000| PB 0x0000000081200000| Untracked 
|  19|0x0000000081300000, 0x0000000081300000, 0x0000000081400000|  0%| F|  |TAMS 0x0000000081300000| PB 0x0000000081300000| Untracked 
|  20|0x0000000081400000, 0x0000000081400000, 0x0000000081500000|  0%| F|  |TAMS 0x0000000081400000| PB 0x0000000081400000| Untracked 
|  21|0x0000000081500000, 0x0000000081500000, 0x0000000081600000|  0%| F|  |TAMS 0x0000000081500000| PB 0x0000000081500000| Untracked 
|  22|0x0000000081600000, 0x0000000081600000, 0x0000000081700000|  0%| F|  |TAMS 0x0000000081600000| PB 0x0000000081600000| Untracked 
|  23|0x0000000081700000, 0x0000000081700000, 0x0000000081800000|  0%| F|  |TAMS 0x0000000081700000| PB 0x0000000081700000| Untracked 
|  24|0x0000000081800000, 0x0000000081800000, 0x0000000081900000|  0%| F|  |TAMS 0x0000000081800000| PB 0x0000000081800000| Untracked 
|  25|0x0000000081900000, 0x0000000081900000, 0x0000000081a00000|  0%| F|  |TAMS 0x0000000081900000| PB 0x0000000081900000| Untracked 
|  26|0x0000000081a00000, 0x0000000081a00000, 0x0000000081b00000|  0%| F|  |TAMS 0x0000000081a00000| PB 0x0000000081a00000| Untracked 
|  27|0x0000000081b00000, 0x0000000081b00000, 0x0000000081c00000|  0%| F|  |TAMS 0x0000000081b00000| PB 0x0000000081b00000| Untracked 
|  28|0x0000000081c00000, 0x0000000081c00000, 0x0000000081d00000|  0%| F|  |TAMS 0x0000000081c00000| PB 0x0000000081c00000| Untracked 
|  29|0x0000000081d00000, 0x0000000081d00000, 0x0000000081e00000|  0%| F|  |TAMS 0x0000000081d00000| PB 0x0000000081d00000| Untracked 
|  30|0x0000000081e00000, 0x0000000081e00000, 0x0000000081f00000|  0%| F|  |TAMS 0x0000000081e00000| PB 0x0000000081e00000| Untracked 
|  31|0x0000000081f00000, 0x0000000081f00000, 0x0000000082000000|  0%| F|  |TAMS 0x0000000081f00000| PB 0x0000000081f00000| Untracked 
|  32|0x0000000082000000, 0x0000000082000000, 0x0000000082100000|  0%| F|  |TAMS 0x0000000082000000| PB 0x0000000082000000| Untracked 
|  33|0x0000000082100000, 0x0000000082100000, 0x0000000082200000|  0%| F|  |TAMS 0x0000000082100000| PB 0x0000000082100000| Untracked 
|  34|0x0000000082200000, 0x0000000082200000, 0x0000000082300000|  0%| F|  |TAMS 0x0000000082200000| PB 0x0000000082200000| Untracked 
|  35|0x0000000082300000, 0x0000000082300000, 0x0000000082400000|  0%| F|  |TAMS 0x0000000082300000| PB 0x0000000082300000| Untracked 
|  36|0x0000000082400000, 0x0000000082400000, 0x0000000082500000|  0%| F|  |TAMS 0x0000000082400000| PB 0x0000000082400000| Untracked 
|  37|0x0000000082500000, 0x0000000082500000, 0x0000000082600000|  0%| F|  |TAMS 0x0000000082500000| PB 0x0000000082500000| Untracked 
|  38|0x0000000082600000, 0x0000000082600000, 0x0000000082700000|  0%| F|  |TAMS 0x0000000082600000| PB 0x0000000082600000| Untracked 
|  39|0x0000000082700000, 0x0000000082700000, 0x0000000082800000|  0%| F|  |TAMS 0x0000000082700000| PB 0x0000000082700000| Untracked 
|  40|0x0000000082800000, 0x0000000082800000, 0x0000000082900000|  0%| F|  |TAMS 0x0000000082800000| PB 0x0000000082800000| Untracked 
|  41|0x0000000082900000, 0x0000000082900000, 0x0000000082a00000|  0%| F|  |TAMS 0x0000000082900000| PB 0x0000000082900000| Untracked 
|  42|0x0000000082a00000, 0x0000000082a00000, 0x0000000082b00000|  0%| F|  |TAMS 0x0000000082a00000| PB 0x0000000082a00000| Untracked 
|  43|0x0000000082b00000, 0x0000000082b00000, 0x0000000082c00000|  0%| F|  |TAMS 0x0000000082b00000| PB 0x0000000082b00000| Untracked 
|  44|0x0000000082c00000, 0x0000000082c00000, 0x0000000082d00000|  0%| F|  |TAMS 0x0000000082c00000| PB 0x0000000082c00000| Untracked 
|  45|0x0000000082d00000, 0x0000000082d00000, 0x0000000082e00000|  0%| F|  |TAMS 0x0000000082d00000| PB 0x0000000082d00000| Untracked 
|  46|0x0000000082e00000, 0x0000000082e00000, 0x0000000082f00000|  0%| F|  |TAMS 0x0000000082e00000| PB 0x0000000082e00000| Untracked 
|  47|0x0000000082f00000, 0x0000000082f00000, 0x0000000083000000|  0%| F|  |TAMS 0x0000000082f00000| PB 0x0000000082f00000| Untracked 
|  48|0x0000000083000000, 0x0000000083000000, 0x0000000083100000|  0%| F|  |TAMS 0x0000000083000000| PB 0x0000000083000000| Untracked 
|  49|0x0000000083100000, 0x0000000083100000, 0x0000000083200000|  0%| F|  |TAMS 0x0000000083100000| PB 0x0000000083100000| Untracked 
|  50|0x0000000083200000, 0x0000000083200000, 0x0000000083300000|  0%| F|  |TAMS 0x0000000083200000| PB 0x0000000083200000| Untracked 
|  51|0x0000000083300000, 0x0000000083300000, 0x0000000083400000|  0%| F|  |TAMS 0x0000000083300000| PB 0x0000000083300000| Untracked 
|  52|0x0000000083400000, 0x0000000083400000, 0x0000000083500000|  0%| F|  |TAMS 0x0000000083400000| PB 0x0000000083400000| Untracked 
|  53|0x0000000083500000, 0x0000000083500000, 0x0000000083600000|  0%| F|  |TAMS 0x0000000083500000| PB 0x0000000083500000| Untracked 
|  54|0x0000000083600000, 0x0000000083600000, 0x0000000083700000|  0%| F|  |TAMS 0x0000000083600000| PB 0x0000000083600000| Untracked 
|  55|0x0000000083700000, 0x0000000083700000, 0x0000000083800000|  0%| F|  |TAMS 0x0000000083700000| PB 0x0000000083700000| Untracked 
|  56|0x0000000083800000, 0x0000000083800000, 0x0000000083900000|  0%| F|  |TAMS 0x0000000083800000| PB 0x0000000083800000| Untracked 
|  57|0x0000000083900000, 0x0000000083900000, 0x0000000083a00000|  0%| F|  |TAMS 0x0000000083900000| PB 0x0000000083900000| Untracked 
|  58|0x0000000083a00000, 0x0000000083a00000, 0x0000000083b00000|  0%| F|  |TAMS 0x0000000083a00000| PB 0x0000000083a00000| Untracked 
|  59|0x0000000083b00000, 0x0000000083b00000, 0x0000000083c00000|  0%| F|  |TAMS 0x0000000083b00000| PB 0x0000000083b00000| Untracked 
|  60|0x0000000083c00000, 0x0000000083c00000, 0x0000000083d00000|  0%| F|  |TAMS 0x0000000083c00000| PB 0x0000000083c00000| Untracked 
|  61|0x0000000083d00000, 0x0000000083d00000, 0x0000000083e00000|  0%| F|  |TAMS 0x0000000083d00000| PB 0x0000000083d00000| Untracked 
|  62|0x0000000083e00000, 0x0000000083e00000, 0x0000000083f00000|  0%| F|  |TAMS 0x0000000083e00000| PB 0x0000000083e00000| Untracked 
|  63|0x0000000083f00000, 0x0000000083f00000, 0x0000000084000000|  0%| F|  |TAMS 0x0000000083f00000| PB 0x0000000083f00000| Untracked 
|  64|0x0000000084000000, 0x0000000084000000, 0x0000000084100000|  0%| F|  |TAMS 0x0000000084000000| PB 0x0000000084000000| Untracked 
|  65|0x0000000084100000, 0x0000000084100000, 0x0000000084200000|  0%| F|  |TAMS 0x0000000084100000| PB 0x0000000084100000| Untracked 
|  66|0x0000000084200000, 0x0000000084200000, 0x0000000084300000|  0%| F|  |TAMS 0x0000000084200000| PB 0x0000000084200000| Untracked 
|  67|0x0000000084300000, 0x0000000084300000, 0x0000000084400000|  0%| F|  |TAMS 0x0000000084300000| PB 0x0000000084300000| Untracked 
|  68|0x0000000084400000, 0x0000000084400000, 0x0000000084500000|  0%| F|  |TAMS 0x0000000084400000| PB 0x0000000084400000| Untracked 
|  69|0x0000000084500000, 0x0000000084500000, 0x0000000084600000|  0%| F|  |TAMS 0x0000000084500000| PB 0x0000000084500000| Untracked 
|  70|0x0000000084600000, 0x0000000084600000, 0x0000000084700000|  0%| F|  |TAMS 0x0000000084600000| PB 0x0000000084600000| Untracked 
|  71|0x0000000084700000, 0x0000000084700000, 0x0000000084800000|  0%| F|  |TAMS 0x0000000084700000| PB 0x0000000084700000| Untracked 
|  72|0x0000000084800000, 0x0000000084800000, 0x0000000084900000|  0%| F|  |TAMS 0x0000000084800000| PB 0x0000000084800000| Untracked 
|  73|0x0000000084900000, 0x0000000084900000, 0x0000000084a00000|  0%| F|  |TAMS 0x0000000084900000| PB 0x0000000084900000| Untracked 
|  74|0x0000000084a00000, 0x0000000084a00000, 0x0000000084b00000|  0%| F|  |TAMS 0x0000000084a00000| PB 0x0000000084a00000| Untracked 
|  75|0x0000000084b00000, 0x0000000084b00000, 0x0000000084c00000|  0%| F|  |TAMS 0x0000000084b00000| PB 0x0000000084b00000| Untracked 
|  76|0x0000000084c00000, 0x0000000084c00000, 0x0000000084d00000|  0%| F|  |TAMS 0x0000000084c00000| PB 0x0000000084c00000| Untracked 
|  77|0x0000000084d00000, 0x0000000084d00000, 0x0000000084e00000|  0%| F|  |TAMS 0x0000000084d00000| PB 0x0000000084d00000| Untracked 
|  78|0x0000000084e00000, 0x0000000084e00000, 0x0000000084f00000|  0%| F|  |TAMS 0x0000000084e00000| PB 0x0000000084e00000| Untracked 
|  79|0x0000000084f00000, 0x0000000084f00000, 0x0000000085000000|  0%| F|  |TAMS 0x0000000084f00000| PB 0x0000000084f00000| Untracked 
|  80|0x0000000085000000, 0x0000000085000000, 0x0000000085100000|  0%| F|  |TAMS 0x0000000085000000| PB 0x0000000085000000| Untracked 
|  81|0x0000000085100000, 0x0000000085100000, 0x0000000085200000|  0%| F|  |TAMS 0x0000000085100000| PB 0x0000000085100000| Untracked 
|  82|0x0000000085200000, 0x0000000085200000, 0x0000000085300000|  0%| F|  |TAMS 0x0000000085200000| PB 0x0000000085200000| Untracked 
|  83|0x0000000085300000, 0x0000000085300000, 0x0000000085400000|  0%| F|  |TAMS 0x0000000085300000| PB 0x0000000085300000| Untracked 
|  84|0x0000000085400000, 0x0000000085400000, 0x0000000085500000|  0%| F|  |TAMS 0x0000000085400000| PB 0x0000000085400000| Untracked 
|  85|0x0000000085500000, 0x0000000085500000, 0x0000000085600000|  0%| F|  |TAMS 0x0000000085500000| PB 0x0000000085500000| Untracked 
|  86|0x0000000085600000, 0x0000000085600000, 0x0000000085700000|  0%| F|  |TAMS 0x0000000085600000| PB 0x0000000085600000| Untracked 
|  87|0x0000000085700000, 0x0000000085700000, 0x0000000085800000|  0%| F|  |TAMS 0x0000000085700000| PB 0x0000000085700000| Untracked 
|  88|0x0000000085800000, 0x0000000085800000, 0x0000000085900000|  0%| F|  |TAMS 0x0000000085800000| PB 0x0000000085800000| Untracked 
|  89|0x0000000085900000, 0x0000000085900000, 0x0000000085a00000|  0%| F|  |TAMS 0x0000000085900000| PB 0x0000000085900000| Untracked 
|  90|0x0000000085a00000, 0x0000000085a00000, 0x0000000085b00000|  0%| F|  |TAMS 0x0000000085a00000| PB 0x0000000085a00000| Untracked 
|  91|0x0000000085b00000, 0x0000000085b00000, 0x0000000085c00000|  0%| F|  |TAMS 0x0000000085b00000| PB 0x0000000085b00000| Untracked 
|  92|0x0000000085c00000, 0x0000000085c00000, 0x0000000085d00000|  0%| F|  |TAMS 0x0000000085c00000| PB 0x0000000085c00000| Untracked 
|  93|0x0000000085d00000, 0x0000000085d00000, 0x0000000085e00000|  0%| F|  |TAMS 0x0000000085d00000| PB 0x0000000085d00000| Untracked 
|  94|0x0000000085e00000, 0x0000000085e00000, 0x0000000085f00000|  0%| F|  |TAMS 0x0000000085e00000| PB 0x0000000085e00000| Untracked 
|  95|0x0000000085f00000, 0x0000000085f00000, 0x0000000086000000|  0%| F|  |TAMS 0x0000000085f00000| PB 0x0000000085f00000| Untracked 
|  96|0x0000000086000000, 0x0000000086000000, 0x0000000086100000|  0%| F|  |TAMS 0x0000000086000000| PB 0x0000000086000000| Untracked 
|  97|0x0000000086100000, 0x0000000086100000, 0x0000000086200000|  0%| F|  |TAMS 0x0000000086100000| PB 0x0000000086100000| Untracked 
|  98|0x0000000086200000, 0x0000000086200000, 0x0000000086300000|  0%| F|  |TAMS 0x0000000086200000| PB 0x0000000086200000| Untracked 
|  99|0x0000000086300000, 0x0000000086300000, 0x0000000086400000|  0%| F|  |TAMS 0x0000000086300000| PB 0x0000000086300000| Untracked 
| 100|0x0000000086400000, 0x0000000086400000, 0x0000000086500000|  0%| F|  |TAMS 0x0000000086400000| PB 0x0000000086400000| Untracked 
| 101|0x0000000086500000, 0x0000000086500000, 0x0000000086600000|  0%| F|  |TAMS 0x0000000086500000| PB 0x0000000086500000| Untracked 
| 102|0x0000000086600000, 0x0000000086600000, 0x0000000086700000|  0%| F|  |TAMS 0x0000000086600000| PB 0x0000000086600000| Untracked 
| 103|0x0000000086700000, 0x0000000086700000, 0x0000000086800000|  0%| F|  |TAMS 0x0000000086700000| PB 0x0000000086700000| Untracked 
| 104|0x0000000086800000, 0x0000000086800000, 0x0000000086900000|  0%| F|  |TAMS 0x0000000086800000| PB 0x0000000086800000| Untracked 
| 105|0x0000000086900000, 0x0000000086900000, 0x0000000086a00000|  0%| F|  |TAMS 0x0000000086900000| PB 0x0000000086900000| Untracked 
| 106|0x0000000086a00000, 0x0000000086a00000, 0x0000000086b00000|  0%| F|  |TAMS 0x0000000086a00000| PB 0x0000000086a00000| Untracked 
| 107|0x0000000086b00000, 0x0000000086b00000, 0x0000000086c00000|  0%| F|  |TAMS 0x0000000086b00000| PB 0x0000000086b00000| Untracked 
| 108|0x0000000086c00000, 0x0000000086c00000, 0x0000000086d00000|  0%| F|  |TAMS 0x0000000086c00000| PB 0x0000000086c00000| Untracked 
| 109|0x0000000086d00000, 0x0000000086d00000, 0x0000000086e00000|  0%| F|  |TAMS 0x0000000086d00000| PB 0x0000000086d00000| Untracked 
| 110|0x0000000086e00000, 0x0000000086e00000, 0x0000000086f00000|  0%| F|  |TAMS 0x0000000086e00000| PB 0x0000000086e00000| Untracked 
| 111|0x0000000086f00000, 0x0000000086f00000, 0x0000000087000000|  0%| F|  |TAMS 0x0000000086f00000| PB 0x0000000086f00000| Untracked 
| 112|0x0000000087000000, 0x0000000087000000, 0x0000000087100000|  0%| F|  |TAMS 0x0000000087000000| PB 0x0000000087000000| Untracked 
| 113|0x0000000087100000, 0x0000000087100000, 0x0000000087200000|  0%| F|  |TAMS 0x0000000087100000| PB 0x0000000087100000| Untracked 
| 114|0x0000000087200000, 0x0000000087200000, 0x0000000087300000|  0%| F|  |TAMS 0x0000000087200000| PB 0x0000000087200000| Untracked 
| 115|0x0000000087300000, 0x0000000087300000, 0x0000000087400000|  0%| F|  |TAMS 0x0000000087300000| PB 0x0000000087300000| Untracked 
| 116|0x0000000087400000, 0x0000000087400000, 0x0000000087500000|  0%| F|  |TAMS 0x0000000087400000| PB 0x0000000087400000| Untracked 
| 117|0x0000000087500000, 0x0000000087500000, 0x0000000087600000|  0%| F|  |TAMS 0x0000000087500000| PB 0x0000000087500000| Untracked 
| 118|0x0000000087600000, 0x0000000087600000, 0x0000000087700000|  0%| F|  |TAMS 0x0000000087600000| PB 0x0000000087600000| Untracked 
| 119|0x0000000087700000, 0x0000000087700000, 0x0000000087800000|  0%| F|  |TAMS 0x0000000087700000| PB 0x0000000087700000| Untracked 
| 120|0x0000000087800000, 0x0000000087800000, 0x0000000087900000|  0%| F|  |TAMS 0x0000000087800000| PB 0x0000000087800000| Untracked 
| 121|0x0000000087900000, 0x0000000087900000, 0x0000000087a00000|  0%| F|  |TAMS 0x0000000087900000| PB 0x0000000087900000| Untracked 
| 122|0x0000000087a00000, 0x0000000087a00000, 0x0000000087b00000|  0%| F|  |TAMS 0x0000000087a00000| PB 0x0000000087a00000| Untracked 
| 123|0x0000000087b00000, 0x0000000087b00000, 0x0000000087c00000|  0%| F|  |TAMS 0x0000000087b00000| PB 0x0000000087b00000| Untracked 
| 124|0x0000000087c00000, 0x0000000087c00000, 0x0000000087d00000|  0%| F|  |TAMS 0x0000000087c00000| PB 0x0000000087c00000| Untracked 
| 125|0x0000000087d00000, 0x0000000087d00000, 0x0000000087e00000|  0%| F|  |TAMS 0x0000000087d00000| PB 0x0000000087d00000| Untracked 
| 126|0x0000000087e00000, 0x0000000087e00000, 0x0000000087f00000|  0%| F|  |TAMS 0x0000000087e00000| PB 0x0000000087e00000| Untracked 
| 127|0x0000000087f00000, 0x0000000087f00000, 0x0000000088000000|  0%| F|  |TAMS 0x0000000087f00000| PB 0x0000000087f00000| Untracked 
| 128|0x0000000088000000, 0x0000000088000000, 0x0000000088100000|  0%| F|  |TAMS 0x0000000088000000| PB 0x0000000088000000| Untracked 
| 129|0x0000000088100000, 0x0000000088100000, 0x0000000088200000|  0%| F|  |TAMS 0x0000000088100000| PB 0x0000000088100000| Untracked 
| 130|0x0000000088200000, 0x0000000088200000, 0x0000000088300000|  0%| F|  |TAMS 0x0000000088200000| PB 0x0000000088200000| Untracked 
| 131|0x0000000088300000, 0x0000000088300000, 0x0000000088400000|  0%| F|  |TAMS 0x0000000088300000| PB 0x0000000088300000| Untracked 
| 132|0x0000000088400000, 0x0000000088400000, 0x0000000088500000|  0%| F|  |TAMS 0x0000000088400000| PB 0x0000000088400000| Untracked 
| 133|0x0000000088500000, 0x0000000088500000, 0x0000000088600000|  0%| F|  |TAMS 0x0000000088500000| PB 0x0000000088500000| Untracked 
| 134|0x0000000088600000, 0x0000000088600000, 0x0000000088700000|  0%| F|  |TAMS 0x0000000088600000| PB 0x0000000088600000| Untracked 
| 135|0x0000000088700000, 0x0000000088700000, 0x0000000088800000|  0%| F|  |TAMS 0x0000000088700000| PB 0x0000000088700000| Untracked 
| 136|0x0000000088800000, 0x0000000088800000, 0x0000000088900000|  0%| F|  |TAMS 0x0000000088800000| PB 0x0000000088800000| Untracked 
| 137|0x0000000088900000, 0x0000000088900000, 0x0000000088a00000|  0%| F|  |TAMS 0x0000000088900000| PB 0x0000000088900000| Untracked 
| 138|0x0000000088a00000, 0x0000000088a00000, 0x0000000088b00000|  0%| F|  |TAMS 0x0000000088a00000| PB 0x0000000088a00000| Untracked 
| 139|0x0000000088b00000, 0x0000000088b00000, 0x0000000088c00000|  0%| F|  |TAMS 0x0000000088b00000| PB 0x0000000088b00000| Untracked 
| 140|0x0000000088c00000, 0x0000000088c00000, 0x0000000088d00000|  0%| F|  |TAMS 0x0000000088c00000| PB 0x0000000088c00000| Untracked 
| 141|0x0000000088d00000, 0x0000000088d00000, 0x0000000088e00000|  0%| F|  |TAMS 0x0000000088d00000| PB 0x0000000088d00000| Untracked 
| 142|0x0000000088e00000, 0x0000000088e00000, 0x0000000088f00000|  0%| F|  |TAMS 0x0000000088e00000| PB 0x0000000088e00000| Untracked 
| 143|0x0000000088f00000, 0x0000000088f00000, 0x0000000089000000|  0%| F|  |TAMS 0x0000000088f00000| PB 0x0000000088f00000| Untracked 
| 144|0x0000000089000000, 0x0000000089000000, 0x0000000089100000|  0%| F|  |TAMS 0x0000000089000000| PB 0x0000000089000000| Untracked 
| 145|0x0000000089100000, 0x0000000089100000, 0x0000000089200000|  0%| F|  |TAMS 0x0000000089100000| PB 0x0000000089100000| Untracked 
| 146|0x0000000089200000, 0x0000000089200000, 0x0000000089300000|  0%| F|  |TAMS 0x0000000089200000| PB 0x0000000089200000| Untracked 
| 147|0x0000000089300000, 0x0000000089300000, 0x0000000089400000|  0%| F|  |TAMS 0x0000000089300000| PB 0x0000000089300000| Untracked 
| 148|0x0000000089400000, 0x0000000089400000, 0x0000000089500000|  0%| F|  |TAMS 0x0000000089400000| PB 0x0000000089400000| Untracked 
| 149|0x0000000089500000, 0x0000000089500000, 0x0000000089600000|  0%| F|  |TAMS 0x0000000089500000| PB 0x0000000089500000| Untracked 
| 150|0x0000000089600000, 0x0000000089600000, 0x0000000089700000|  0%| F|  |TAMS 0x0000000089600000| PB 0x0000000089600000| Untracked 
| 151|0x0000000089700000, 0x0000000089700000, 0x0000000089800000|  0%| F|  |TAMS 0x0000000089700000| PB 0x0000000089700000| Untracked 
| 152|0x0000000089800000, 0x0000000089800000, 0x0000000089900000|  0%| F|  |TAMS 0x0000000089800000| PB 0x0000000089800000| Untracked 
| 153|0x0000000089900000, 0x0000000089900000, 0x0000000089a00000|  0%| F|  |TAMS 0x0000000089900000| PB 0x0000000089900000| Untracked 
| 154|0x0000000089a00000, 0x0000000089a00000, 0x0000000089b00000|  0%| F|  |TAMS 0x0000000089a00000| PB 0x0000000089a00000| Untracked 
| 155|0x0000000089b00000, 0x0000000089b00000, 0x0000000089c00000|  0%| F|  |TAMS 0x0000000089b00000| PB 0x0000000089b00000| Untracked 
| 156|0x0000000089c00000, 0x0000000089c00000, 0x0000000089d00000|  0%| F|  |TAMS 0x0000000089c00000| PB 0x0000000089c00000| Untracked 
| 157|0x0000000089d00000, 0x0000000089d00000, 0x0000000089e00000|  0%| F|  |TAMS 0x0000000089d00000| PB 0x0000000089d00000| Untracked 
| 158|0x0000000089e00000, 0x0000000089e00000, 0x0000000089f00000|  0%| F|  |TAMS 0x0000000089e00000| PB 0x0000000089e00000| Untracked 
| 159|0x0000000089f00000, 0x0000000089f00000, 0x000000008a000000|  0%| F|  |TAMS 0x0000000089f00000| PB 0x0000000089f00000| Untracked 
| 160|0x000000008a000000, 0x000000008a000000, 0x000000008a100000|  0%| F|  |TAMS 0x000000008a000000| PB 0x000000008a000000| Untracked 
| 161|0x000000008a100000, 0x000000008a100000, 0x000000008a200000|  0%| F|  |TAMS 0x000000008a100000| PB 0x000000008a100000| Untracked 
| 162|0x000000008a200000, 0x000000008a200000, 0x000000008a300000|  0%| F|  |TAMS 0x000000008a200000| PB 0x000000008a200000| Untracked 
| 163|0x000000008a300000, 0x000000008a300000, 0x000000008a400000|  0%| F|  |TAMS 0x000000008a300000| PB 0x000000008a300000| Untracked 
| 164|0x000000008a400000, 0x000000008a400000, 0x000000008a500000|  0%| F|  |TAMS 0x000000008a400000| PB 0x000000008a400000| Untracked 
| 165|0x000000008a500000, 0x000000008a500000, 0x000000008a600000|  0%| F|  |TAMS 0x000000008a500000| PB 0x000000008a500000| Untracked 
| 166|0x000000008a600000, 0x000000008a600000, 0x000000008a700000|  0%| F|  |TAMS 0x000000008a600000| PB 0x000000008a600000| Untracked 
| 167|0x000000008a700000, 0x000000008a700000, 0x000000008a800000|  0%| F|  |TAMS 0x000000008a700000| PB 0x000000008a700000| Untracked 
| 168|0x000000008a800000, 0x000000008a800000, 0x000000008a900000|  0%| F|  |TAMS 0x000000008a800000| PB 0x000000008a800000| Untracked 
| 169|0x000000008a900000, 0x000000008a900000, 0x000000008aa00000|  0%| F|  |TAMS 0x000000008a900000| PB 0x000000008a900000| Untracked 
| 170|0x000000008aa00000, 0x000000008aa00000, 0x000000008ab00000|  0%| F|  |TAMS 0x000000008aa00000| PB 0x000000008aa00000| Untracked 
| 171|0x000000008ab00000, 0x000000008ab00000, 0x000000008ac00000|  0%| F|  |TAMS 0x000000008ab00000| PB 0x000000008ab00000| Untracked 
| 172|0x000000008ac00000, 0x000000008ac00000, 0x000000008ad00000|  0%| F|  |TAMS 0x000000008ac00000| PB 0x000000008ac00000| Untracked 
| 173|0x000000008ad00000, 0x000000008ad00000, 0x000000008ae00000|  0%| F|  |TAMS 0x000000008ad00000| PB 0x000000008ad00000| Untracked 
| 174|0x000000008ae00000, 0x000000008ae00000, 0x000000008af00000|  0%| F|  |TAMS 0x000000008ae00000| PB 0x000000008ae00000| Untracked 
| 175|0x000000008af00000, 0x000000008af00000, 0x000000008b000000|  0%| F|  |TAMS 0x000000008af00000| PB 0x000000008af00000| Untracked 
| 176|0x000000008b000000, 0x000000008b000000, 0x000000008b100000|  0%| F|  |TAMS 0x000000008b000000| PB 0x000000008b000000| Untracked 
| 177|0x000000008b100000, 0x000000008b100000, 0x000000008b200000|  0%| F|  |TAMS 0x000000008b100000| PB 0x000000008b100000| Untracked 
| 178|0x000000008b200000, 0x000000008b200000, 0x000000008b300000|  0%| F|  |TAMS 0x000000008b200000| PB 0x000000008b200000| Untracked 
| 179|0x000000008b300000, 0x000000008b300000, 0x000000008b400000|  0%| F|  |TAMS 0x000000008b300000| PB 0x000000008b300000| Untracked 
| 180|0x000000008b400000, 0x000000008b400000, 0x000000008b500000|  0%| F|  |TAMS 0x000000008b400000| PB 0x000000008b400000| Untracked 
| 181|0x000000008b500000, 0x000000008b500000, 0x000000008b600000|  0%| F|  |TAMS 0x000000008b500000| PB 0x000000008b500000| Untracked 
| 182|0x000000008b600000, 0x000000008b600000, 0x000000008b700000|  0%| F|  |TAMS 0x000000008b600000| PB 0x000000008b600000| Untracked 
| 183|0x000000008b700000, 0x000000008b700000, 0x000000008b800000|  0%| F|  |TAMS 0x000000008b700000| PB 0x000000008b700000| Untracked 
| 184|0x000000008b800000, 0x000000008b800000, 0x000000008b900000|  0%| F|  |TAMS 0x000000008b800000| PB 0x000000008b800000| Untracked 
| 185|0x000000008b900000, 0x000000008b900000, 0x000000008ba00000|  0%| F|  |TAMS 0x000000008b900000| PB 0x000000008b900000| Untracked 
| 186|0x000000008ba00000, 0x000000008ba00000, 0x000000008bb00000|  0%| F|  |TAMS 0x000000008ba00000| PB 0x000000008ba00000| Untracked 
| 187|0x000000008bb00000, 0x000000008bb00000, 0x000000008bc00000|  0%| F|  |TAMS 0x000000008bb00000| PB 0x000000008bb00000| Untracked 
| 188|0x000000008bc00000, 0x000000008bc00000, 0x000000008bd00000|  0%| F|  |TAMS 0x000000008bc00000| PB 0x000000008bc00000| Untracked 
| 189|0x000000008bd00000, 0x000000008bd00000, 0x000000008be00000|  0%| F|  |TAMS 0x000000008bd00000| PB 0x000000008bd00000| Untracked 
| 190|0x000000008be00000, 0x000000008be00000, 0x000000008bf00000|  0%| F|  |TAMS 0x000000008be00000| PB 0x000000008be00000| Untracked 
| 191|0x000000008bf00000, 0x000000008bf00000, 0x000000008c000000|  0%| F|  |TAMS 0x000000008bf00000| PB 0x000000008bf00000| Untracked 
| 192|0x000000008c000000, 0x000000008c000000, 0x000000008c100000|  0%| F|  |TAMS 0x000000008c000000| PB 0x000000008c000000| Untracked 
| 193|0x000000008c100000, 0x000000008c100000, 0x000000008c200000|  0%| F|  |TAMS 0x000000008c100000| PB 0x000000008c100000| Untracked 
| 194|0x000000008c200000, 0x000000008c200000, 0x000000008c300000|  0%| F|  |TAMS 0x000000008c200000| PB 0x000000008c200000| Untracked 
| 195|0x000000008c300000, 0x000000008c300000, 0x000000008c400000|  0%| F|  |TAMS 0x000000008c300000| PB 0x000000008c300000| Untracked 
| 196|0x000000008c400000, 0x000000008c400000, 0x000000008c500000|  0%| F|  |TAMS 0x000000008c400000| PB 0x000000008c400000| Untracked 
| 197|0x000000008c500000, 0x000000008c500000, 0x000000008c600000|  0%| F|  |TAMS 0x000000008c500000| PB 0x000000008c500000| Untracked 
| 198|0x000000008c600000, 0x000000008c600000, 0x000000008c700000|  0%| F|  |TAMS 0x000000008c600000| PB 0x000000008c600000| Untracked 
| 199|0x000000008c700000, 0x000000008c700000, 0x000000008c800000|  0%| F|  |TAMS 0x000000008c700000| PB 0x000000008c700000| Untracked 
| 200|0x000000008c800000, 0x000000008c800000, 0x000000008c900000|  0%| F|  |TAMS 0x000000008c800000| PB 0x000000008c800000| Untracked 
| 201|0x000000008c900000, 0x000000008c900000, 0x000000008ca00000|  0%| F|  |TAMS 0x000000008c900000| PB 0x000000008c900000| Untracked 
| 202|0x000000008ca00000, 0x000000008ca00000, 0x000000008cb00000|  0%| F|  |TAMS 0x000000008ca00000| PB 0x000000008ca00000| Untracked 
| 203|0x000000008cb00000, 0x000000008cb00000, 0x000000008cc00000|  0%| F|  |TAMS 0x000000008cb00000| PB 0x000000008cb00000| Untracked 
| 204|0x000000008cc00000, 0x000000008cc00000, 0x000000008cd00000|  0%| F|  |TAMS 0x000000008cc00000| PB 0x000000008cc00000| Untracked 
| 205|0x000000008cd00000, 0x000000008cd00000, 0x000000008ce00000|  0%| F|  |TAMS 0x000000008cd00000| PB 0x000000008cd00000| Untracked 
| 206|0x000000008ce00000, 0x000000008ce00000, 0x000000008cf00000|  0%| F|  |TAMS 0x000000008ce00000| PB 0x000000008ce00000| Untracked 
| 207|0x000000008cf00000, 0x000000008cf00000, 0x000000008d000000|  0%| F|  |TAMS 0x000000008cf00000| PB 0x000000008cf00000| Untracked 
| 208|0x000000008d000000, 0x000000008d000000, 0x000000008d100000|  0%| F|  |TAMS 0x000000008d000000| PB 0x000000008d000000| Untracked 
| 209|0x000000008d100000, 0x000000008d100000, 0x000000008d200000|  0%| F|  |TAMS 0x000000008d100000| PB 0x000000008d100000| Untracked 
| 210|0x000000008d200000, 0x000000008d200000, 0x000000008d300000|  0%| F|  |TAMS 0x000000008d200000| PB 0x000000008d200000| Untracked 
| 211|0x000000008d300000, 0x000000008d300000, 0x000000008d400000|  0%| F|  |TAMS 0x000000008d300000| PB 0x000000008d300000| Untracked 
| 212|0x000000008d400000, 0x000000008d400000, 0x000000008d500000|  0%| F|  |TAMS 0x000000008d400000| PB 0x000000008d400000| Untracked 
| 213|0x000000008d500000, 0x000000008d58c8e0, 0x000000008d600000| 54%| S|CS|TAMS 0x000000008d500000| PB 0x000000008d500000| Complete 
| 214|0x000000008d600000, 0x000000008d700000, 0x000000008d700000|100%| S|CS|TAMS 0x000000008d600000| PB 0x000000008d600000| Complete 
| 215|0x000000008d700000, 0x000000008d800000, 0x000000008d800000|100%| S|CS|TAMS 0x000000008d700000| PB 0x000000008d700000| Complete 
| 216|0x000000008d800000, 0x000000008d800000, 0x000000008d900000|  0%| F|  |TAMS 0x000000008d800000| PB 0x000000008d800000| Untracked 
| 217|0x000000008d900000, 0x000000008d900000, 0x000000008da00000|  0%| F|  |TAMS 0x000000008d900000| PB 0x000000008d900000| Untracked 
| 218|0x000000008da00000, 0x000000008da00000, 0x000000008db00000|  0%| F|  |TAMS 0x000000008da00000| PB 0x000000008da00000| Untracked 
| 219|0x000000008db00000, 0x000000008db00000, 0x000000008dc00000|  0%| F|  |TAMS 0x000000008db00000| PB 0x000000008db00000| Untracked 
| 220|0x000000008dc00000, 0x000000008dc00000, 0x000000008dd00000|  0%| F|  |TAMS 0x000000008dc00000| PB 0x000000008dc00000| Untracked 
| 221|0x000000008dd00000, 0x000000008dd25948, 0x000000008de00000| 14%| E|  |TAMS 0x000000008dd00000| PB 0x000000008dd00000| Complete 
| 222|0x000000008de00000, 0x000000008df00000, 0x000000008df00000|100%| E|CS|TAMS 0x000000008de00000| PB 0x000000008de00000| Complete 
| 223|0x000000008df00000, 0x000000008e000000, 0x000000008e000000|100%| E|CS|TAMS 0x000000008df00000| PB 0x000000008df00000| Complete 
| 224|0x000000008e000000, 0x000000008e100000, 0x000000008e100000|100%| E|CS|TAMS 0x000000008e000000| PB 0x000000008e000000| Complete 
| 225|0x000000008e100000, 0x000000008e200000, 0x000000008e200000|100%| E|CS|TAMS 0x000000008e100000| PB 0x000000008e100000| Complete 
| 226|0x000000008e200000, 0x000000008e300000, 0x000000008e300000|100%| E|CS|TAMS 0x000000008e200000| PB 0x000000008e200000| Complete 
| 227|0x000000008e300000, 0x000000008e400000, 0x000000008e400000|100%| E|CS|TAMS 0x000000008e300000| PB 0x000000008e300000| Complete 
| 228|0x000000008e400000, 0x000000008e500000, 0x000000008e500000|100%| E|CS|TAMS 0x000000008e400000| PB 0x000000008e400000| Complete 
| 229|0x000000008e500000, 0x000000008e600000, 0x000000008e600000|100%| E|CS|TAMS 0x000000008e500000| PB 0x000000008e500000| Complete 
| 230|0x000000008e600000, 0x000000008e700000, 0x000000008e700000|100%| E|CS|TAMS 0x000000008e600000| PB 0x000000008e600000| Complete 
| 231|0x000000008e700000, 0x000000008e800000, 0x000000008e800000|100%| E|  |TAMS 0x000000008e700000| PB 0x000000008e700000| Complete 
| 232|0x000000008e800000, 0x000000008e900000, 0x000000008e900000|100%| E|CS|TAMS 0x000000008e800000| PB 0x000000008e800000| Complete 
| 233|0x000000008e900000, 0x000000008ea00000, 0x000000008ea00000|100%| E|CS|TAMS 0x000000008e900000| PB 0x000000008e900000| Complete 
| 234|0x000000008ea00000, 0x000000008eb00000, 0x000000008eb00000|100%| E|CS|TAMS 0x000000008ea00000| PB 0x000000008ea00000| Complete 
| 235|0x000000008eb00000, 0x000000008ec00000, 0x000000008ec00000|100%| E|CS|TAMS 0x000000008eb00000| PB 0x000000008eb00000| Complete 
| 236|0x000000008ec00000, 0x000000008ed00000, 0x000000008ed00000|100%| E|CS|TAMS 0x000000008ec00000| PB 0x000000008ec00000| Complete 
| 237|0x000000008ed00000, 0x000000008ee00000, 0x000000008ee00000|100%| E|CS|TAMS 0x000000008ed00000| PB 0x000000008ed00000| Complete 
| 238|0x000000008ee00000, 0x000000008ef00000, 0x000000008ef00000|100%| E|CS|TAMS 0x000000008ee00000| PB 0x000000008ee00000| Complete 
| 239|0x000000008ef00000, 0x000000008f000000, 0x000000008f000000|100%| E|CS|TAMS 0x000000008ef00000| PB 0x000000008ef00000| Complete 
| 240|0x000000008f000000, 0x000000008f100000, 0x000000008f100000|100%| E|CS|TAMS 0x000000008f000000| PB 0x000000008f000000| Complete 
| 241|0x000000008f100000, 0x000000008f200000, 0x000000008f200000|100%| E|CS|TAMS 0x000000008f100000| PB 0x000000008f100000| Complete 
| 242|0x000000008f200000, 0x000000008f300000, 0x000000008f300000|100%| E|CS|TAMS 0x000000008f200000| PB 0x000000008f200000| Complete 
| 243|0x000000008f300000, 0x000000008f400000, 0x000000008f400000|100%| E|CS|TAMS 0x000000008f300000| PB 0x000000008f300000| Complete 
| 244|0x000000008f400000, 0x000000008f500000, 0x000000008f500000|100%| E|CS|TAMS 0x000000008f400000| PB 0x000000008f400000| Complete 
| 245|0x000000008f500000, 0x000000008f600000, 0x000000008f600000|100%| E|CS|TAMS 0x000000008f500000| PB 0x000000008f500000| Complete 
| 246|0x000000008f600000, 0x000000008f700000, 0x000000008f700000|100%| E|CS|TAMS 0x000000008f600000| PB 0x000000008f600000| Complete 
| 247|0x000000008f700000, 0x000000008f800000, 0x000000008f800000|100%| E|CS|TAMS 0x000000008f700000| PB 0x000000008f700000| Complete 
| 248|0x000000008f800000, 0x000000008f900000, 0x000000008f900000|100%| E|CS|TAMS 0x000000008f800000| PB 0x000000008f800000| Complete 
| 249|0x000000008f900000, 0x000000008fa00000, 0x000000008fa00000|100%| E|CS|TAMS 0x000000008f900000| PB 0x000000008f900000| Complete 
| 250|0x000000008fa00000, 0x000000008fb00000, 0x000000008fb00000|100%| E|CS|TAMS 0x000000008fa00000| PB 0x000000008fa00000| Complete 
| 251|0x000000008fb00000, 0x000000008fc00000, 0x000000008fc00000|100%| E|CS|TAMS 0x000000008fb00000| PB 0x000000008fb00000| Complete 

Card table byte_map: [0x0000018700400000,0x0000018700800000] _byte_map_base: 0x0000018700000000

Marking Bits: (CMBitMap*) 0x000001876d1f3840
 Bits: [0x0000018700800000, 0x0000018702800000)

Polling page: 0x000001876af70000

Metaspace:

Usage:
  Non-class:     12.70 MB used.
      Class:      1.50 MB used.
       Both:     14.20 MB used.

Virtual space:
  Non-class space:       64.00 MB reserved,      13.00 MB ( 20%) committed,  1 nodes.
      Class space:        1.00 GB reserved,       1.75 MB ( <1%) committed,  1 nodes.
             Both:        1.06 GB reserved,      14.75 MB (  1%) committed. 

Chunk freelists:
   Non-Class:  2.14 MB
       Class:  14.26 MB
        Both:  16.40 MB

MaxMetaspaceSize: unlimited
CompressedClassSpaceSize: 1.00 GB
Initial GC threshold: 21.00 MB
Current GC threshold: 21.00 MB
CDS: on
 - commit_granule_bytes: 65536.
 - commit_granule_words: 8192.
 - virtual_space_node_default_size: 8388608.
 - enlarge_chunks_in_place: 1.
 - use_allocation_guard: 0.


Internal statistics:

num_allocs_failed_limit: 0.
num_arena_births: 448.
num_arena_deaths: 0.
num_vsnodes_births: 2.
num_vsnodes_deaths: 0.
num_space_committed: 236.
num_space_uncommitted: 0.
num_chunks_returned_to_freelist: 0.
num_chunks_taken_from_freelist: 971.
num_chunk_merges: 0.
num_chunk_splits: 610.
num_chunks_enlarged: 379.
num_inconsistent_stats: 0.

CodeHeap 'non-profiled nmethods': size=119168Kb used=1112Kb max_used=1112Kb free=118055Kb
 bounds [0x0000018777f30000, 0x00000187781a0000, 0x000001877f390000]
CodeHeap 'profiled nmethods': size=119104Kb used=5050Kb max_used=5050Kb free=114053Kb
 bounds [0x0000018770390000, 0x0000018770880000, 0x00000187777e0000]
CodeHeap 'non-nmethods': size=7488Kb used=1498Kb max_used=2648Kb free=5989Kb
 bounds [0x00000187777e0000, 0x0000018777a80000, 0x0000018777f30000]
CodeCache: size=245760Kb, used=7660Kb, max_used=8810Kb, free=238097Kb
 total_blobs=3114, nmethods=2581, adapters=437, full_count=0
Compilation: enabled, stopped_count=0, restarted_count=0

Compilation events (20 events):
Event: 3.551 Thread 0x00000187054865f0 2530       3       java.util.stream.ReferencePipeline$Head::<init> (8 bytes)
Event: 3.551 Thread 0x00000187054865f0 nmethod 2530 0x000001877086c510 code [0x000001877086c6c0, 0x000001877086c858]
Event: 3.551 Thread 0x00000187054865f0 2531       3       java.util.stream.ReferencePipeline::<init> (8 bytes)
Event: 3.551 Thread 0x0000018705486cc0 nmethod 2528 0x000001877086c910 code [0x000001877086cb60, 0x000001877086d3f0]
Event: 3.551 Thread 0x0000018705485f20 nmethod 2529 0x000001877086d610 code [0x000001877086d800, 0x000001877086dc30]
Event: 3.551 Thread 0x0000018705488800 2532       4       java.lang.Character::digit (6 bytes)
Event: 3.551 Thread 0x00000187054865f0 nmethod 2531 0x000001877086de10 code [0x000001877086dfc0, 0x000001877086e0f8]
Event: 3.552 Thread 0x0000018705488800 nmethod 2532 0x0000018778041d90 code [0x0000018778041f40, 0x00000187780420b8]
Event: 3.553 Thread 0x0000018705485f20 2534       3       jdk.internal.org.objectweb.asm.MethodWriter::visitLdcInsn (215 bytes)
Event: 3.554 Thread 0x0000018705485f20 nmethod 2534 0x000001877086e190 code [0x000001877086e420, 0x000001877086eea8]
Event: 3.556 Thread 0x0000018705483320 2535       4       jdk.internal.misc.Unsafe::allocateUninitializedArray (55 bytes)
Event: 3.557 Thread 0x0000018705483320 nmethod 2535 0x0000018778042590 code [0x0000018778042720, 0x00000187780428f0]
Event: 3.557 Thread 0x0000018705488800 2536       4       java.lang.StringBuilder::length (5 bytes)
Event: 3.557 Thread 0x0000018705488800 nmethod 2536 0x0000018778042a10 code [0x0000018778042ba0, 0x0000018778042c28]
Event: 3.559 Thread 0x0000018705485f20 2537       3       java.lang.Integer::toHexString (6 bytes)
Event: 3.559 Thread 0x0000018705485f20 nmethod 2537 0x000001877086f310 code [0x000001877086f4c0, 0x000001877086f5e0]
Event: 4.407 Thread 0x0000018705486cc0 2538       3       java.util.concurrent.Semaphore$NonfairSync::tryAcquireShared (6 bytes)
Event: 4.407 Thread 0x0000018705486cc0 nmethod 2538 0x000001877086f690 code [0x000001877086f840, 0x000001877086f978]
Event: 4.407 Thread 0x0000018705486cc0 2539       3       java.util.concurrent.Semaphore$Sync::nonfairTryAcquireShared (27 bytes)
Event: 4.408 Thread 0x0000018705486cc0 nmethod 2539 0x000001877086fa10 code [0x000001877086fbc0, 0x000001877086fe10]

GC Heap History (4 events):
Event: 1.213 GC heap before
{Heap before GC invocations=0 (full 0):
 garbage-first heap   total 258048K, used 22528K [0x0000000080000000, 0x0000000100000000)
  region size 1024K, 23 young (23552K), 0 survivors (0K)
 Metaspace       used 4153K, committed 4416K, reserved 1114112K
  class space    used 454K, committed 576K, reserved 1048576K
}
Event: 1.225 GC heap after
{Heap after GC invocations=1 (full 0):
 garbage-first heap   total 258048K, used 3250K [0x0000000080000000, 0x0000000100000000)
  region size 1024K, 3 young (3072K), 3 survivors (3072K)
 Metaspace       used 4153K, committed 4416K, reserved 1114112K
  class space    used 454K, committed 576K, reserved 1048576K
}
Event: 2.585 GC heap before
{Heap before GC invocations=1 (full 0):
 garbage-first heap   total 258048K, used 36018K [0x0000000080000000, 0x0000000100000000)
  region size 1024K, 36 young (36864K), 3 survivors (3072K)
 Metaspace       used 9579K, committed 9920K, reserved 1114112K
  class space    used 1026K, committed 1216K, reserved 1048576K
}
Event: 2.591 GC heap after
{Heap after GC invocations=2 (full 0):
 garbage-first heap   total 258048K, used 5765K [0x0000000080000000, 0x0000000100000000)
  region size 1024K, 3 young (3072K), 3 survivors (3072K)
 Metaspace       used 9579K, committed 9920K, reserved 1114112K
  class space    used 1026K, committed 1216K, reserved 1048576K
}

Dll operation events (9 events):
Event: 0.029 Loaded shared library c:\Users\mangg\.antigravity\extensions\redhat.java-1.53.0-win32-x64\jre\21.0.10-win32-x86_64\bin\java.dll
Event: 0.077 Loaded shared library c:\Users\mangg\.antigravity\extensions\redhat.java-1.53.0-win32-x64\jre\21.0.10-win32-x86_64\bin\zip.dll
Event: 0.197 Loaded shared library C:\Users\mangg\.antigravity\extensions\redhat.java-1.53.0-win32-x64\jre\21.0.10-win32-x86_64\bin\instrument.dll
Event: 0.205 Loaded shared library C:\Users\mangg\.antigravity\extensions\redhat.java-1.53.0-win32-x64\jre\21.0.10-win32-x86_64\bin\net.dll
Event: 0.211 Loaded shared library C:\Users\mangg\.antigravity\extensions\redhat.java-1.53.0-win32-x64\jre\21.0.10-win32-x86_64\bin\nio.dll
Event: 0.219 Loaded shared library C:\Users\mangg\.antigravity\extensions\redhat.java-1.53.0-win32-x64\jre\21.0.10-win32-x86_64\bin\zip.dll
Event: 0.262 Loaded shared library C:\Users\mangg\.antigravity\extensions\redhat.java-1.53.0-win32-x64\jre\21.0.10-win32-x86_64\bin\jimage.dll
Event: 0.419 Loaded shared library c:\Users\mangg\.antigravity\extensions\redhat.java-1.53.0-win32-x64\jre\21.0.10-win32-x86_64\bin\verify.dll
Event: 2.399 Loaded shared library C:\Users\mangg\AppData\Roaming\Antigravity\User\globalStorage\redhat.java\1.53.0\config_ss_win\org.eclipse.equinox.launcher\org.eclipse.equinox.launcher.win32.win32.x86_64_1.3.0.v20260203-2149\eclipse_11919.dll

Deoptimization events (20 events):
Event: 3.407 Thread 0x000001874b6ae7f0 Uncommon trap: trap_request=0xffffffde fr.pc=0x0000018778037e4c relative=0x000000000000012c
Event: 3.407 Thread 0x000001874b6ae7f0 Uncommon trap: reason=class_check action=maybe_recompile pc=0x0000018778037e4c method=jdk.internal.misc.Unsafe.allocateUninitializedArray(Ljava/lang/Class;I)Ljava/lang/Object; @ 51 c2
Event: 3.407 Thread 0x000001874b6ae7f0 DEOPT PACKING pc=0x0000018778037e4c sp=0x0000003a2f7f5580
Event: 3.407 Thread 0x000001874b6ae7f0 DEOPT UNPACKING pc=0x0000018777837ba2 sp=0x0000003a2f7f54f8 mode 2
Event: 3.408 Thread 0x000001874b6ae7f0 Uncommon trap: trap_request=0xffffffde fr.pc=0x0000018778037e4c relative=0x000000000000012c
Event: 3.408 Thread 0x000001874b6ae7f0 Uncommon trap: reason=class_check action=maybe_recompile pc=0x0000018778037e4c method=jdk.internal.misc.Unsafe.allocateUninitializedArray(Ljava/lang/Class;I)Ljava/lang/Object; @ 51 c2
Event: 3.408 Thread 0x000001874b6ae7f0 DEOPT PACKING pc=0x0000018778037e4c sp=0x0000003a2f7f8370
Event: 3.408 Thread 0x000001874b6ae7f0 DEOPT UNPACKING pc=0x0000018777837ba2 sp=0x0000003a2f7f82e8 mode 2
Event: 3.409 Thread 0x000001874b6ae7f0 Uncommon trap: trap_request=0xffffffde fr.pc=0x0000018778037e4c relative=0x000000000000012c
Event: 3.409 Thread 0x000001874b6ae7f0 Uncommon trap: reason=class_check action=maybe_recompile pc=0x0000018778037e4c method=jdk.internal.misc.Unsafe.allocateUninitializedArray(Ljava/lang/Class;I)Ljava/lang/Object; @ 51 c2
Event: 3.409 Thread 0x000001874b6ae7f0 DEOPT PACKING pc=0x0000018778037e4c sp=0x0000003a2f7f7900
Event: 3.409 Thread 0x000001874b6ae7f0 DEOPT UNPACKING pc=0x0000018777837ba2 sp=0x0000003a2f7f7878 mode 2
Event: 3.411 Thread 0x000001874b6ae7f0 Uncommon trap: trap_request=0xffffff45 fr.pc=0x0000018778034814 relative=0x00000000000015d4
Event: 3.411 Thread 0x000001874b6ae7f0 Uncommon trap: reason=unstable_if action=reinterpret pc=0x0000018778034814 method=java.util.Properties.loadConvert([CIILjava/lang/StringBuilder;)Ljava/lang/String; @ 491 c2
Event: 3.411 Thread 0x000001874b6ae7f0 DEOPT PACKING pc=0x0000018778034814 sp=0x0000003a2f7f7df0
Event: 3.411 Thread 0x000001874b6ae7f0 DEOPT UNPACKING pc=0x0000018777837ba2 sp=0x0000003a2f7f7de0 mode 2
Event: 3.462 Thread 0x000001874b6ae7f0 Uncommon trap: trap_request=0xffffff45 fr.pc=0x0000018777f6f574 relative=0x0000000000000054
Event: 3.462 Thread 0x000001874b6ae7f0 Uncommon trap: reason=unstable_if action=reinterpret pc=0x0000018777f6f574 method=java.lang.CharacterData.of(I)Ljava/lang/CharacterData; @ 4 c2
Event: 3.462 Thread 0x000001874b6ae7f0 DEOPT PACKING pc=0x0000018777f6f574 sp=0x0000003a2f7f9160
Event: 3.462 Thread 0x000001874b6ae7f0 DEOPT UNPACKING pc=0x0000018777837ba2 sp=0x0000003a2f7f90f8 mode 2

Classes loaded (20 events):
Event: 3.467 Loading class java/text/MessageFormat$Field
Event: 3.467 Loading class java/text/MessageFormat$Field done
Event: 3.492 Loading class java/util/stream/SortedOps
Event: 3.493 Loading class java/util/stream/SortedOps done
Event: 3.493 Loading class java/util/stream/SortedOps$OfRef
Event: 3.493 Loading class java/util/stream/ReferencePipeline$StatefulOp
Event: 3.493 Loading class java/util/stream/ReferencePipeline$StatefulOp done
Event: 3.493 Loading class java/util/stream/SortedOps$OfRef done
Event: 3.493 Loading class java/util/stream/SortedOps$RefSortingSink
Event: 3.493 Loading class java/util/stream/SortedOps$AbstractRefSortingSink
Event: 3.493 Loading class java/util/stream/SortedOps$AbstractRefSortingSink done
Event: 3.493 Loading class java/util/stream/SortedOps$RefSortingSink done
Event: 3.517 Loading class java/util/concurrent/ExecutionException
Event: 3.517 Loading class java/util/concurrent/ExecutionException done
Event: 3.517 Loading class java/util/zip/ZipOutputStream
Event: 3.517 Loading class java/util/zip/DeflaterOutputStream
Event: 3.517 Loading class java/util/zip/DeflaterOutputStream done
Event: 3.517 Loading class java/util/zip/ZipOutputStream done
Event: 3.553 Loading class java/io/FilenameFilter
Event: 3.554 Loading class java/io/FilenameFilter done

Classes unloaded (0 events):
No events

Classes redefined (0 events):
No events

Internal exceptions (20 events):
Event: 1.944 Thread 0x000001876d1910d0 Exception <a 'java/lang/NoSuchMethodError'{0x000000008ea80c58}: 'void java.lang.invoke.DirectMethodHandle$Holder.invokeStaticInit(java.lang.Object, java.lang.Object)'> (0x000000008ea80c58) 
thrown [s\src\hotspot\share\interpreter\linkResolver.cpp, line 773]
Event: 1.946 Thread 0x000001876d1910d0 Exception <a 'java/lang/NoSuchMethodError'{0x000000008ea89e10}: 'int java.lang.invoke.DirectMethodHandle$Holder.invokeStaticInit(java.lang.Object, java.lang.Object)'> (0x000000008ea89e10) 
thrown [s\src\hotspot\share\interpreter\linkResolver.cpp, line 773]
Event: 2.071 Thread 0x000001876d1910d0 Exception <a 'java/lang/NoSuchMethodError'{0x000000008e8d2d20}: 'java.lang.Object java.lang.invoke.DirectMethodHandle$Holder.newInvokeSpecial(java.lang.Object, int, java.lang.Object)'> (0x000000008e8d2d20) 
thrown [s\src\hotspot\share\interpreter\linkResolver.cpp, line 773]
Event: 2.147 Thread 0x000001876d1910d0 Exception <a 'java/lang/ClassNotFoundException'{0x000000008e6efb50}: sun/net/www/protocol/plurl/Handler> (0x000000008e6efb50) 
thrown [s\src\hotspot\share\classfile\systemDictionary.cpp, line 312]
Event: 2.148 Thread 0x000001876d1910d0 Exception <a 'java/lang/ClassNotFoundException'{0x000000008e6f09d0}: sun/net/www/protocol/plurl/Handler> (0x000000008e6f09d0) 
thrown [s\src\hotspot\share\classfile\systemDictionary.cpp, line 312]
Event: 2.393 Thread 0x000001876d1910d0 Exception <a 'java/lang/UnsatisfiedLinkError'{0x000000008de471c0}: 'void org.eclipse.equinox.launcher.JNIBridge._update_splash()'> (0x000000008de471c0) 
thrown [s\src\hotspot\share\prims\nativeLookup.cpp, line 415]
Event: 2.523 Thread 0x000001874b6ae7f0 Exception <a 'java/lang/NullPointerException'{0x000000008db89c00}> (0x000000008db89c00) 
thrown [s\src\hotspot\share\interpreter\linkResolver.cpp, line 1372]
Event: 2.523 Thread 0x000001874b6ae7f0 Exception <a 'java/lang/NullPointerException'{0x000000008db89ee0}> (0x000000008db89ee0) 
thrown [s\src\hotspot\share\interpreter\linkResolver.cpp, line 1372]
Event: 2.763 Thread 0x000001874b6ae7f0 Exception <a 'java/lang/NoSuchMethodError'{0x000000008f5e1cd8}: 'long java.lang.invoke.DirectMethodHandle$Holder.invokeSpecial(java.lang.Object, java.lang.Object)'> (0x000000008f5e1cd8) 
thrown [s\src\hotspot\share\interpreter\linkResolver.cpp, line 773]
Event: 2.867 Thread 0x000001874b6ae7f0 Exception <a 'java/io/FileNotFoundException'{0x000000008f3cf918}> (0x000000008f3cf918) 
thrown [s\src\hotspot\share\prims\jni.cpp, line 520]
Event: 3.014 Thread 0x000001874b6ae7f0 Exception <a 'java/lang/NoSuchMethodError'{0x000000008f0da208}: 'java.lang.Object java.lang.invoke.Invokers$Holder.linkToTargetMethod(java.lang.Object, long, java.lang.Object)'> (0x000000008f0da208) 
thrown [s\src\hotspot\share\interpreter\linkResolver.cpp, line 773]
Event: 3.087 Thread 0x000001874b6ae7f0 Exception <a 'java/lang/NoSuchMethodError'{0x000000008ec66818}: 'void java.lang.invoke.DirectMethodHandle$Holder.invokeInterface(java.lang.Object, java.lang.Object, java.lang.Object)'> (0x000000008ec66818) 
thrown [s\src\hotspot\share\interpreter\linkResolver.cpp, line 773]
Event: 3.147 Thread 0x000001874b6ae7f0 Exception <a 'java/lang/NoSuchMethodError'{0x000000008ea67cb8}: 'void java.lang.invoke.Invokers$Holder.invokeExact_MT(java.lang.Object, java.lang.Object, java.lang.Object)'> (0x000000008ea67cb8) 
thrown [s\src\hotspot\share\interpreter\linkResolver.cpp, line 773]
Event: 3.295 Thread 0x000001874b6ae7f0 Exception <a 'java/lang/NoSuchMethodError'{0x000000008e73c718}: 'java.lang.Object java.lang.invoke.DirectMethodHandle$Holder.invokeVirtual(java.lang.Object, java.lang.Object, java.lang.Object)'> (0x000000008e73c718) 
thrown [s\src\hotspot\share\interpreter\linkResolver.cpp, line 773]
Event: 3.296 Thread 0x000001874b6ae7f0 Exception <a 'java/lang/NoSuchMethodError'{0x000000008e751a00}: 'java.lang.Object java.lang.invoke.DelegatingMethodHandle$Holder.reinvoke_L(java.lang.Object, java.lang.Object, java.lang.Object, java.lang.Object, int, int)'> (0x000000008e751a00) 
thrown [s\src\hotspot\share\interpreter\linkResolver.cpp, line 773]
Event: 3.299 Thread 0x000001874b6ae7f0 Exception <a 'java/lang/NoSuchMethodError'{0x000000008e76e6d8}: 'java.lang.Object java.lang.invoke.DirectMethodHandle$Holder.newInvokeSpecial(java.lang.Object, java.lang.Object, java.lang.Object, java.lang.Object, java.lang.Object, java.lang.Object)'> (0x000000008e76e6d8) 
thrown [s\src\hotspot\share\interpreter\linkResolver.cpp, line 773]
Event: 3.303 Thread 0x000001874b6ae7f0 Exception <a 'java/lang/NoSuchMethodError'{0x000000008e79b0f0}: 'void java.lang.invoke.Invokers$Holder.invokeExact_MT(java.lang.Object, java.lang.Object, java.lang.Object, java.lang.Object)'> (0x000000008e79b0f0) 
thrown [s\src\hotspot\share\interpreter\linkResolver.cpp, line 773]
Event: 3.399 Thread 0x000001874b6ae7f0 Exception <a 'java/io/FileNotFoundException'{0x000000008e6ea578}> (0x000000008e6ea578) 
thrown [s\src\hotspot\share\prims\jni.cpp, line 520]
Event: 3.400 Thread 0x000001874b6ae7f0 Exception <a 'java/io/FileNotFoundException'{0x000000008e6f1b10}> (0x000000008e6f1b10) 
thrown [s\src\hotspot\share\prims\jni.cpp, line 520]
Event: 3.553 Thread 0x000001874b6ae7f0 Exception <a 'java/lang/NoSuchMethodError'{0x000000008e05a788}: 'java.lang.Object java.lang.invoke.DirectMethodHandle$Holder.newInvokeSpecial(java.lang.Object, java.lang.Object, java.lang.Object, java.lang.Object, java.lang.Object)'> (0x000000008e05a788) 
thrown [s\src\hotspot\share\interpreter\linkResolver.cpp, line 773]

ZGC Phase Switch (0 events):
No events

VM Operations (20 events):
Event: 2.121 Executing non-safepoint VM operation: HandshakeAllThreads (Deoptimize)
Event: 2.121 Executing non-safepoint VM operation: HandshakeAllThreads (Deoptimize) done
Event: 2.138 Executing non-safepoint VM operation: HandshakeAllThreads (Deoptimize)
Event: 2.139 Executing non-safepoint VM operation: HandshakeAllThreads (Deoptimize) done
Event: 2.195 Executing safepoint VM operation: ICBufferFull
Event: 2.195 Executing safepoint VM operation: ICBufferFull done
Event: 2.585 Executing safepoint VM operation: G1CollectForAllocation (G1 Evacuation Pause)
Event: 2.591 Executing safepoint VM operation: G1CollectForAllocation (G1 Evacuation Pause) done
Event: 2.675 Executing non-safepoint VM operation: HandshakeAllThreads (Deoptimize)
Event: 2.675 Executing non-safepoint VM operation: HandshakeAllThreads (Deoptimize) done
Event: 3.052 Executing non-safepoint VM operation: HandshakeAllThreads (Deoptimize)
Event: 3.052 Executing non-safepoint VM operation: HandshakeAllThreads (Deoptimize) done
Event: 3.424 Executing non-safepoint VM operation: HandshakeAllThreads (Deoptimize)
Event: 3.424 Executing non-safepoint VM operation: HandshakeAllThreads (Deoptimize) done
Event: 3.431 Executing non-safepoint VM operation: HandshakeAllThreads (Deoptimize)
Event: 3.431 Executing non-safepoint VM operation: HandshakeAllThreads (Deoptimize) done
Event: 3.464 Executing non-safepoint VM operation: HandshakeAllThreads (Deoptimize)
Event: 3.464 Executing non-safepoint VM operation: HandshakeAllThreads (Deoptimize) done
Event: 4.470 Executing safepoint VM operation: Cleanup
Event: 6.590 Executing safepoint VM operation: Cleanup done

Memory protections (0 events):
No events

Nmethod flushes (0 events):
No events

Events (20 events):
Event: 0.201 Thread 0x000001876d1910d0 Thread added: 0x00000187056f3390
Event: 0.222 Thread 0x0000018705486cc0 Thread added: 0x0000018705485f20
Event: 0.277 Thread 0x0000018705485f20 Thread added: 0x00000187054865f0
Event: 0.667 Thread 0x000001876d1910d0 Thread added: 0x000001874b036d00
Event: 0.721 Thread 0x0000018705483320 Thread added: 0x0000018705487a60
Event: 1.454 Thread 0x0000018705487a60 Thread exited: 0x0000018705487a60
Event: 1.577 Thread 0x0000018705486cc0 Thread added: 0x0000018705488130
Event: 1.985 Thread 0x000001876d1910d0 Thread added: 0x000001874b8d2200
Event: 2.377 Thread 0x000001876d1910d0 Thread added: 0x000001874b6adad0
Event: 2.391 Thread 0x000001876d1910d0 Thread added: 0x000001874b6ae7f0
Event: 2.544 Thread 0x0000018705488130 Thread exited: 0x0000018705488130
Event: 2.652 Thread 0x000001874b6ae7f0 Thread added: 0x000001874b6aee80
Event: 2.786 Thread 0x0000018705485f20 Thread added: 0x0000018705487390
Event: 2.786 Thread 0x0000018705485f20 Thread added: 0x0000018705487a60
Event: 3.096 Thread 0x000001874b6ae7f0 Thread added: 0x000001874b6afba0
Event: 3.392 Thread 0x0000018705487a60 Thread exited: 0x0000018705487a60
Event: 3.405 Thread 0x0000018705487390 Thread exited: 0x0000018705487390
Event: 3.476 Thread 0x0000018705485f20 Thread added: 0x0000018705488800
Event: 3.485 Thread 0x0000018705488800 Thread added: 0x0000018705487390
Event: 6.590 Thread 0x0000018705485f20 Thread exited: 0x0000018705485f20


Dynamic libraries:
0x00007ff72bf10000 - 0x00007ff72bf1e000 	c:\Users\mangg\.antigravity\extensions\redhat.java-1.53.0-win32-x64\jre\21.0.10-win32-x86_64\bin\java.exe
0x00007ffdacf00000 - 0x00007ffdad167000 	C:\WINDOWS\SYSTEM32\ntdll.dll
0x00007ffdab570000 - 0x00007ffdab639000 	C:\WINDOWS\System32\KERNEL32.DLL
0x00007ffda9b90000 - 0x00007ffda9f81000 	C:\WINDOWS\System32\KERNELBASE.dll
0x00007ffda98c0000 - 0x00007ffda9a0b000 	C:\WINDOWS\System32\ucrtbase.dll
0x00007ffd18e20000 - 0x00007ffd18e3e000 	c:\Users\mangg\.antigravity\extensions\redhat.java-1.53.0-win32-x64\jre\21.0.10-win32-x86_64\bin\VCRUNTIME140.dll
0x00007ffd1e700000 - 0x00007ffd1e718000 	c:\Users\mangg\.antigravity\extensions\redhat.java-1.53.0-win32-x64\jre\21.0.10-win32-x86_64\bin\jli.dll
0x00007ffdac290000 - 0x00007ffdac455000 	C:\WINDOWS\System32\USER32.dll
0x00007ffd8f300000 - 0x00007ffd8f593000 	C:\WINDOWS\WinSxS\amd64_microsoft.windows.common-controls_6595b64144ccf1df_6.0.26100.8037_none_3e092faae333b53b\COMCTL32.dll
0x00007ffda9890000 - 0x00007ffda98b7000 	C:\WINDOWS\System32\win32u.dll
0x00007ffdac6d0000 - 0x00007ffdac779000 	C:\WINDOWS\System32\msvcrt.dll
0x00007ffdac6a0000 - 0x00007ffdac6cb000 	C:\WINDOWS\System32\GDI32.dll
0x00007ffdaaae0000 - 0x00007ffdaac0b000 	C:\WINDOWS\System32\gdi32full.dll
0x00007ffdaa8c0000 - 0x00007ffdaa963000 	C:\WINDOWS\System32\msvcp_win.dll
0x00007ffdaaca0000 - 0x00007ffdaacd1000 	C:\WINDOWS\System32\IMM32.DLL
0x00007ffd9fbf0000 - 0x00007ffd9fbfc000 	c:\Users\mangg\.antigravity\extensions\redhat.java-1.53.0-win32-x64\jre\21.0.10-win32-x86_64\bin\vcruntime140_1.dll
0x00007ffcfd5b0000 - 0x00007ffcfd63d000 	c:\Users\mangg\.antigravity\extensions\redhat.java-1.53.0-win32-x64\jre\21.0.10-win32-x86_64\bin\msvcp140.dll
0x00007ffc92110000 - 0x00007ffc92eb1000 	c:\Users\mangg\.antigravity\extensions\redhat.java-1.53.0-win32-x64\jre\21.0.10-win32-x86_64\bin\server\jvm.dll
0x00007ffdabc70000 - 0x00007ffdabd2b000 	C:\WINDOWS\System32\ADVAPI32.dll
0x00007ffdabe50000 - 0x00007ffdabef7000 	C:\WINDOWS\System32\sechost.dll
0x00007ffdabd30000 - 0x00007ffdabe48000 	C:\WINDOWS\System32\RPCRT4.dll
0x00007ffdacd30000 - 0x00007ffdacda4000 	C:\WINDOWS\System32\WS2_32.dll
0x00007ffda83e0000 - 0x00007ffda843e000 	C:\WINDOWS\SYSTEM32\POWRPROF.dll
0x00007ffd9c980000 - 0x00007ffd9c9b5000 	C:\WINDOWS\SYSTEM32\WINMM.dll
0x00007ffda0630000 - 0x00007ffda063b000 	C:\WINDOWS\SYSTEM32\VERSION.dll
0x00007ffda83c0000 - 0x00007ffda83d4000 	C:\WINDOWS\SYSTEM32\UMPDC.dll
0x00007ffda8690000 - 0x00007ffda86ab000 	C:\WINDOWS\SYSTEM32\kernel.appcore.dll
0x00007ffd91970000 - 0x00007ffd9197a000 	c:\Users\mangg\.antigravity\extensions\redhat.java-1.53.0-win32-x64\jre\21.0.10-win32-x86_64\bin\jimage.dll
0x00007ffda7750000 - 0x00007ffda7992000 	C:\WINDOWS\SYSTEM32\DBGHELP.DLL
0x00007ffdabf00000 - 0x00007ffdac282000 	C:\WINDOWS\System32\combase.dll
0x00007ffdac560000 - 0x00007ffdac637000 	C:\WINDOWS\System32\OLEAUT32.dll
0x00007ffd8c360000 - 0x00007ffd8c39b000 	C:\WINDOWS\SYSTEM32\dbgcore.DLL
0x00007ffda97e0000 - 0x00007ffda9885000 	C:\WINDOWS\System32\bcryptPrimitives.dll
0x00007ffd90ff0000 - 0x00007ffd90fff000 	c:\Users\mangg\.antigravity\extensions\redhat.java-1.53.0-win32-x64\jre\21.0.10-win32-x86_64\bin\instrument.dll
0x00007ffd18e00000 - 0x00007ffd18e20000 	c:\Users\mangg\.antigravity\extensions\redhat.java-1.53.0-win32-x64\jre\21.0.10-win32-x86_64\bin\java.dll
0x00007ffdaace0000 - 0x00007ffdab43f000 	C:\WINDOWS\System32\SHELL32.dll
0x00007ffdaa970000 - 0x00007ffdaaada000 	C:\WINDOWS\System32\wintypes.dll
0x00007ffdaa050000 - 0x00007ffdaa8b4000 	C:\WINDOWS\System32\windows.storage.dll
0x00007ffdab470000 - 0x00007ffdab567000 	C:\WINDOWS\System32\SHCORE.dll
0x00007ffdaccc0000 - 0x00007ffdacd27000 	C:\WINDOWS\System32\shlwapi.dll
0x00007ffda9700000 - 0x00007ffda9729000 	C:\WINDOWS\SYSTEM32\profapi.dll
0x00007ffd18530000 - 0x00007ffd18548000 	c:\Users\mangg\.antigravity\extensions\redhat.java-1.53.0-win32-x64\jre\21.0.10-win32-x86_64\bin\zip.dll
0x00007ffd86770000 - 0x00007ffd86780000 	C:\Users\mangg\.antigravity\extensions\redhat.java-1.53.0-win32-x64\jre\21.0.10-win32-x86_64\bin\net.dll
0x00007ffda1cd0000 - 0x00007ffda1df7000 	C:\WINDOWS\SYSTEM32\WINHTTP.dll
0x00007ffda8c00000 - 0x00007ffda8c6b000 	C:\WINDOWS\system32\mswsock.dll
0x00007ffd06940000 - 0x00007ffd06956000 	C:\Users\mangg\.antigravity\extensions\redhat.java-1.53.0-win32-x64\jre\21.0.10-win32-x86_64\bin\nio.dll
0x00007ffd69040000 - 0x00007ffd69050000 	c:\Users\mangg\.antigravity\extensions\redhat.java-1.53.0-win32-x64\jre\21.0.10-win32-x86_64\bin\verify.dll
0x00007ffcfd560000 - 0x00007ffcfd5a5000 	C:\Users\mangg\AppData\Roaming\Antigravity\User\globalStorage\redhat.java\1.53.0\config_ss_win\org.eclipse.equinox.launcher\org.eclipse.equinox.launcher.win32.win32.x86_64_1.3.0.v20260203-2149\eclipse_11919.dll
0x00007ffdab640000 - 0x00007ffdab7d5000 	C:\WINDOWS\System32\ole32.dll

JVMTI agents:
c:\Users\mangg\.antigravity\extensions\redhat.java-1.53.0-win32-x64\lombok\lombok-1.18.39-4050.jar path:c:\Users\mangg\.antigravity\extensions\redhat.java-1.53.0-win32-x64\jre\21.0.10-win32-x86_64\bin\instrument.dll, loaded, initialized, instrumentlib options:none

dbghelp: loaded successfully - version: 4.0.5 - missing functions: none
symbol engine: initialized successfully - sym options: 0x614 - pdb path: .;c:\Users\mangg\.antigravity\extensions\redhat.java-1.53.0-win32-x64\jre\21.0.10-win32-x86_64\bin;C:\WINDOWS\SYSTEM32;C:\WINDOWS\WinSxS\amd64_microsoft.windows.common-controls_6595b64144ccf1df_6.0.26100.8037_none_3e092faae333b53b;c:\Users\mangg\.antigravity\extensions\redhat.java-1.53.0-win32-x64\jre\21.0.10-win32-x86_64\bin\server;C:\Users\mangg\AppData\Roaming\Antigravity\User\globalStorage\redhat.java\1.53.0\config_ss_win\org.eclipse.equinox.launcher\org.eclipse.equinox.launcher.win32.win32.x86_64_1.3.0.v20260203-2149

VM Arguments:
jvm_args: --add-modules=ALL-SYSTEM --add-opens=java.base/java.util=ALL-UNNAMED --add-opens=java.base/java.lang=ALL-UNNAMED --add-opens=java.base/sun.nio.fs=ALL-UNNAMED -Declipse.application=org.eclipse.jdt.ls.core.id1 -Dosgi.bundles.defaultStartLevel=4 -Declipse.product=org.eclipse.jdt.ls.core.product -Djava.import.generatesMetadataFilesAtProjectRoot=false -DDetectVMInstallationsJob.disabled=true -Dfile.encoding=utf8 -Xlog:disable -Xmx2G -javaagent:c:\Users\mangg\.antigravity\extensions\redhat.java-1.53.0-win32-x64\lombok\lombok-1.18.39-4050.jar 
java_command: c:\Users\mangg\.antigravity\extensions\redhat.java-1.53.0-win32-x64\server\plugins\org.eclipse.equinox.launcher_1.7.100.v20251111-0406.jar -configuration c:\Users\mangg\AppData\Roaming\Antigravity\User\globalStorage\redhat.java\1.53.0\config_ss_win -data c:\Users\mangg\AppData\Roaming\Antigravity\User\workspaceStorage\a4c07f34395d526702c2e440b92dab62\redhat.java\ss_ws --pipe=\\.\pipe\lsp-54f14cf6a10c5cdb43ea1fb04d0e89ab-sock
java_class_path (initial): c:\Users\mangg\.antigravity\extensions\redhat.java-1.53.0-win32-x64\server\plugins\org.eclipse.equinox.launcher_1.7.100.v20251111-0406.jar
Launcher Type: SUN_STANDARD

[Global flags]
     intx CICompilerCount                          = 12                                        {product} {ergonomic}
     uint ConcGCThreads                            = 3                                         {product} {ergonomic}
     uint G1ConcRefinementThreads                  = 13                                        {product} {ergonomic}
   size_t G1HeapRegionSize                         = 1048576                                   {product} {ergonomic}
    uintx GCDrainStackTargetSize                   = 64                                        {product} {ergonomic}
   size_t InitialHeapSize                          = 264241152                                 {product} {ergonomic}
   size_t MarkStackSize                            = 4194304                                   {product} {ergonomic}
   size_t MaxHeapSize                              = 2147483648                                {product} {command line}
   size_t MaxNewSize                               = 1287651328                                {product} {ergonomic}
   size_t MinHeapDeltaBytes                        = 1048576                                   {product} {ergonomic}
   size_t MinHeapSize                              = 8388608                                   {product} {ergonomic}
    uintx NonNMethodCodeHeapSize                   = 7602480                                {pd product} {ergonomic}
    uintx NonProfiledCodeHeapSize                  = 122027880                              {pd product} {ergonomic}
    uintx ProfiledCodeHeapSize                     = 122027880                              {pd product} {ergonomic}
    uintx ReservedCodeCacheSize                    = 251658240                              {pd product} {ergonomic}
     bool SegmentedCodeCache                       = true                                      {product} {ergonomic}
   size_t SoftMaxHeapSize                          = 2147483648                             {manageable} {ergonomic}
     bool UseCompressedOops                        = true                           {product lp64_product} {ergonomic}
     bool UseG1GC                                  = true                                      {product} {ergonomic}
     bool UseLargePagesIndividualAllocation        = false                                  {pd product} {ergonomic}

Logging:
Log output configuration:
 #0: stdout all=off uptime,level,tags foldmultilines=false
 #1: stderr all=off uptime,level,tags foldmultilines=false

Release file:
JAVA_VERSION="21.0.10" 
MODULES="java.base java.compiler java.datatransfer java.xml java.prefs java.desktop java.instrument java.logging java.management java.security.sasl java.naming java.rmi java.management.rmi java.net.http java.scripting java.security.jgss java.transaction.xa java.sql java.sql.rowset java.xml.crypto java.se java.smartcardio jdk.accessibility jdk.internal.jvmstat jdk.attach jdk.charsets jdk.internal.opt jdk.zipfs jdk.compiler jdk.crypto.ec jdk.crypto.cryptoki jdk.crypto.mscapi jdk.dynalink jdk.internal.ed jdk.editpad jdk.hotspot.agent jdk.httpserver jdk.internal.le jdk.internal.vm.ci jdk.internal.vm.compiler jdk.internal.vm.compiler.management jdk.jartool jdk.javadoc jdk.jcmd jdk.management jdk.management.agent jdk.jconsole jdk.jdeps jdk.jdwp.agent jdk.jdi jdk.jfr jdk.jshell jdk.jsobject jdk.jstatd jdk.localedata jdk.management.jfr jdk.naming.dns jdk.naming.rmi jdk.net jdk.nio.mapmode jdk.random jdk.sctp jdk.security.auth jdk.security.jgss jdk.unsupported jdk.unsupported.desktop jdk.xml.dom" 

Environment Variables:
JAVA_HOME=C:\Program Files\Java\jdk-17
PATH=C:\Python314\Scripts\;C:\Python314\;C:\Users\mangg\AppData\Local\Programs\Python\Python312;C:\Program Files\Microsoft MPI\Bin\;C:\Program Files\Common Files\Oracle\Java\javapath;C:\Program Files (x86)\Common Files\Oracle\Java\java8path;C:\Program Files (x86)\Common Files\Oracle\Java\javapath;C:\Windows\system32;C:\Windows;C:\Windows\System32\Wbem;C:\Windows\System32\WindowsPowerShell\v1.0\;C:\Windows\System32\OpenSSH\;C:\Program Files (x86)\NVIDIA Corporation\PhysX\Common;C:\WINDOWS\system32;C:\WINDOWS;C:\WINDOWS\System32\Wbem;C:\WINDOWS\System32\WindowsPowerShell\v1.0\;C:\WINDOWS\System32\OpenSSH\;C:\Program Files\Java\jdk-17\bin;C:\Program Files (x86)\Microsoft SQL Server\160\Tools\Binn\;C:\Program Files\Microsoft SQL Server\160\Tools\Binn\;C:\Program Files\Microsoft SQL Server\Client SDK\ODBC\170\Tools\Binn\;C:\Program Files\Microsoft SQL Server\160\DTS\Binn\;C:\Program Files (x86)\Microsoft SQL Server\160\DTS\Binn\;C:\Program Files\dotnet\;C:\Program Files\Microsoft SQL Server\150\Tools\Binn\;C:\Program Files\NVIDIA Corporation\NVIDIA app\NvDLISR;D:\installer\platform-tools;C:\Program Files\Git\cmd;C:\Program Files\Microsoft Visual Studio\2022\Community\Common7\IDE;C:\Program Files\Prince\engine\bin;C:\Program Files\Pandoc\;C:\Program Files (x86)\dotnet\;D:\apache-maven-3.9.9;C:\Program Files\nodejs\;C:\ProgramData\chocolatey\bin;C:\Program Files\Cloudflare\Cloudflare WARP\;d:\installer\cursor\cursor\resources\app\codeBin;C:\Users\mangg\AppData\Local\Programs\Python\Python312\Scripts\;C:\Users\mangg\AppData\Local\Programs\Python\Python312\;C:\Users\mangg\AppData\Local\Programs\Python\Launcher\;C:\Users\mangg\AppData\Local\Microsoft\WindowsApps;C:\Users\mangg\AppData\Local\Programs\Microsoft VS Code\bin;C:\Program Files\Java\jdk-17\bin;C:\msys64\ucrt64\bin;D:\installer\JetBrain\Pycharm\PyCharm 2024.2.0.1\bin;C:\Users\mangg\.dotnet\tools;D:\installer\JetBrain\Intel IDEA\IntelliJ IDEA 2024.2.0.2\bin;C:\Users\mangg\.dotnet\tools;D:\apache-maven-3.9.9\bin;C:\Users\mangg\AppData\Local\GitHubDesktop\bin;C:\Users\mangg\AppData\Local\Microsoft\WindowsApps;C:\Program Files\JetBrains\IntelliJ IDEA 2023.2\bin;;C:\Users\mangg\AppData\Roaming\npm;D:\installer\SDK\flutter\bin;C:\Users\mangg\AppData\Local\Android\Sdk\platform-tools;C:\Users\mangg\AppData\Local\Android\Sdk\platform-tools;C:\Users\mangg\AppData\Local\Android\Sdk\emulator;C:\Users\mangg\AppData\Local\Android\Sdk\cmdline-tools\latest\bin;D:\installer\Antigravity\app\bin
USERNAME=mangg
OS=Windows_NT
PROCESSOR_IDENTIFIER=Intel64 Family 6 Model 141 Stepping 1, GenuineIntel
TMP=C:\Users\mangg\AppData\Local\Temp
TEMP=C:\Users\mangg\AppData\Local\Temp




Periodic native trim disabled

---------------  S Y S T E M  ---------------

OS:
 Windows 11 , 64 bit Build 26100 (10.0.26100.7920)
OS uptime: 0 days 4:24 hours
Hyper-V role detected

CPU: total 16 (initial active 16) (8 cores per cpu, 2 threads per core) family 6 model 141 stepping 1 microcode 0x34, cx8, cmov, fxsr, ht, mmx, 3dnowpref, sse, sse2, sse3, ssse3, sse4.1, sse4.2, popcnt, lzcnt, tsc, tscinvbit, avx, avx2, aes, erms, clmul, bmi1, bmi2, adx, avx512f, avx512dq, avx512cd, avx512bw, avx512vl, sha, fma, vzeroupper, avx512_vpopcntdq, avx512_vpclmulqdq, avx512_vaes, avx512_vnni, clflush, clflushopt, clwb, avx512_vbmi2, avx512_vbmi, hv, rdtscp, rdpid, fsrm, gfni, avx512_bitalg, f16c, cet_ibt, cet_ss, avx512_ifma
Processor Information for the first 16 processors :
  Max Mhz: 2304, Current Mhz: 2304, Mhz Limit: 2304

Memory: 4k page, system-wide physical 16122M (1076M free)
TotalPageFile size 32506M (AvailPageFile size 78M)
current process WorkingSet (physical memory assigned to process): 117M, peak: 123M
current process commit charge ("private bytes"): 377M, peak: 382M

vm_info: OpenJDK 64-Bit Server VM (21.0.10+7-LTS) for windows-amd64 JRE (21.0.10+7-LTS), built on 2026-01-20T00:00:00Z by "admin" with MS VC++ 17.12 (VS2022)

END.
